2024-07-07 10:57:38.026 | DEBUG    | __main__:genetic_algorithm:33 -  -------------
2024-07-07 10:57:38.027 | DEBUG    | __main__:genetic_algorithm:34 -  --- Start ---
2024-07-07 10:57:38.027 | DEBUG    | __main__:genetic_algorithm:35 -  -------------
2024-07-07 10:57:38.027 | DEBUG    | __main__:genetic_algorithm:37 - Parameters:
2024-07-07 10:57:38.027 | DEBUG    | __main__:genetic_algorithm:38 - pop_size: 600, generation_number: 200, parents_number: 50, mutation_rates: 0.001, tournament_size: 5, max_ones: 250
2024-07-07 10:58:58.330 | DEBUG    | __main__:genetic_algorithm:53 - Generation 1 | Best fitness: 336663
2024-07-07 11:00:24.602 | DEBUG    | __main__:genetic_algorithm:53 - Generation 2 | Best fitness: 336663
2024-07-07 11:01:44.467 | DEBUG    | __main__:genetic_algorithm:53 - Generation 3 | Best fitness: 336662
2024-07-07 11:03:04.510 | DEBUG    | __main__:genetic_algorithm:53 - Generation 4 | Best fitness: 336662
2024-07-07 11:04:22.565 | DEBUG    | __main__:genetic_algorithm:53 - Generation 5 | Best fitness: 336661
2024-07-07 11:05:40.346 | DEBUG    | __main__:genetic_algorithm:53 - Generation 6 | Best fitness: 336660
2024-07-07 11:06:57.959 | DEBUG    | __main__:genetic_algorithm:53 - Generation 7 | Best fitness: 336659
2024-07-07 11:08:16.001 | DEBUG    | __main__:genetic_algorithm:53 - Generation 8 | Best fitness: 336659
2024-07-07 11:09:33.144 | DEBUG    | __main__:genetic_algorithm:53 - Generation 9 | Best fitness: 336658
2024-07-07 11:10:50.065 | DEBUG    | __main__:genetic_algorithm:53 - Generation 10 | Best fitness: 336657
2024-07-07 11:12:06.945 | DEBUG    | __main__:genetic_algorithm:53 - Generation 11 | Best fitness: 336657
2024-07-07 11:13:24.235 | DEBUG    | __main__:genetic_algorithm:53 - Generation 12 | Best fitness: 336655
2024-07-07 11:14:41.207 | DEBUG    | __main__:genetic_algorithm:53 - Generation 13 | Best fitness: 336655
2024-07-07 11:15:58.189 | DEBUG    | __main__:genetic_algorithm:53 - Generation 14 | Best fitness: 336653
2024-07-07 11:17:15.157 | DEBUG    | __main__:genetic_algorithm:53 - Generation 15 | Best fitness: 336654
2024-07-07 11:18:32.072 | DEBUG    | __main__:genetic_algorithm:53 - Generation 16 | Best fitness: 336653
2024-07-07 11:19:48.917 | DEBUG    | __main__:genetic_algorithm:53 - Generation 17 | Best fitness: 336653
2024-07-07 11:21:05.648 | DEBUG    | __main__:genetic_algorithm:53 - Generation 18 | Best fitness: 336652
2024-07-07 11:22:22.494 | DEBUG    | __main__:genetic_algorithm:53 - Generation 19 | Best fitness: 336651
2024-07-07 11:23:39.294 | DEBUG    | __main__:genetic_algorithm:53 - Generation 20 | Best fitness: 336653
2024-07-07 11:24:56.193 | DEBUG    | __main__:genetic_algorithm:53 - Generation 21 | Best fitness: 336648
2024-07-07 11:26:12.993 | DEBUG    | __main__:genetic_algorithm:53 - Generation 22 | Best fitness: 336651
2024-07-07 11:27:29.776 | DEBUG    | __main__:genetic_algorithm:53 - Generation 23 | Best fitness: 336651
2024-07-07 11:28:46.655 | DEBUG    | __main__:genetic_algorithm:53 - Generation 24 | Best fitness: 336650
2024-07-07 11:30:03.416 | DEBUG    | __main__:genetic_algorithm:53 - Generation 25 | Best fitness: 336649
2024-07-07 11:31:20.557 | DEBUG    | __main__:genetic_algorithm:53 - Generation 26 | Best fitness: 336650
2024-07-07 11:32:37.609 | DEBUG    | __main__:genetic_algorithm:53 - Generation 27 | Best fitness: 336649
2024-07-07 11:33:54.324 | DEBUG    | __main__:genetic_algorithm:53 - Generation 28 | Best fitness: 336645
2024-07-07 11:35:11.395 | DEBUG    | __main__:genetic_algorithm:53 - Generation 29 | Best fitness: 336648
2024-07-07 11:36:28.335 | DEBUG    | __main__:genetic_algorithm:53 - Generation 30 | Best fitness: 336648
2024-07-07 11:37:45.490 | DEBUG    | __main__:genetic_algorithm:53 - Generation 31 | Best fitness: 336647
2024-07-07 11:39:02.434 | DEBUG    | __main__:genetic_algorithm:53 - Generation 32 | Best fitness: 336646
2024-07-07 11:40:19.647 | DEBUG    | __main__:genetic_algorithm:53 - Generation 33 | Best fitness: 336647
2024-07-07 11:41:36.511 | DEBUG    | __main__:genetic_algorithm:53 - Generation 34 | Best fitness: 336646
2024-07-07 11:42:53.297 | DEBUG    | __main__:genetic_algorithm:53 - Generation 35 | Best fitness: 336646
2024-07-07 11:44:10.508 | DEBUG    | __main__:genetic_algorithm:53 - Generation 36 | Best fitness: 336646
2024-07-07 11:45:27.464 | DEBUG    | __main__:genetic_algorithm:53 - Generation 37 | Best fitness: 336644
2024-07-07 11:46:44.641 | DEBUG    | __main__:genetic_algorithm:53 - Generation 38 | Best fitness: 336646
2024-07-07 11:48:01.706 | DEBUG    | __main__:genetic_algorithm:53 - Generation 39 | Best fitness: 336646
2024-07-07 11:49:18.678 | DEBUG    | __main__:genetic_algorithm:53 - Generation 40 | Best fitness: 336644
2024-07-07 11:50:35.514 | DEBUG    | __main__:genetic_algorithm:53 - Generation 41 | Best fitness: 336644
2024-07-07 11:51:52.559 | DEBUG    | __main__:genetic_algorithm:53 - Generation 42 | Best fitness: 336642
2024-07-07 11:53:09.628 | DEBUG    | __main__:genetic_algorithm:53 - Generation 43 | Best fitness: 336640
2024-07-07 11:54:26.536 | DEBUG    | __main__:genetic_algorithm:53 - Generation 44 | Best fitness: 336641
2024-07-07 11:55:43.260 | DEBUG    | __main__:genetic_algorithm:53 - Generation 45 | Best fitness: 336641
2024-07-07 11:57:00.203 | DEBUG    | __main__:genetic_algorithm:53 - Generation 46 | Best fitness: 336640
2024-07-07 11:58:17.027 | DEBUG    | __main__:genetic_algorithm:53 - Generation 47 | Best fitness: 336639
2024-07-07 11:59:34.213 | DEBUG    | __main__:genetic_algorithm:53 - Generation 48 | Best fitness: 336639
2024-07-07 12:00:51.286 | DEBUG    | __main__:genetic_algorithm:53 - Generation 49 | Best fitness: 336639
2024-07-07 12:02:08.261 | DEBUG    | __main__:genetic_algorithm:53 - Generation 50 | Best fitness: 336639
2024-07-07 12:03:25.161 | DEBUG    | __main__:genetic_algorithm:53 - Generation 51 | Best fitness: 336638
2024-07-07 12:04:41.992 | DEBUG    | __main__:genetic_algorithm:53 - Generation 52 | Best fitness: 336637
2024-07-07 12:05:59.021 | DEBUG    | __main__:genetic_algorithm:53 - Generation 53 | Best fitness: 336638
2024-07-07 12:07:16.134 | DEBUG    | __main__:genetic_algorithm:53 - Generation 54 | Best fitness: 336638
2024-07-07 12:08:33.045 | DEBUG    | __main__:genetic_algorithm:53 - Generation 55 | Best fitness: 336637
2024-07-07 12:09:50.507 | DEBUG    | __main__:genetic_algorithm:53 - Generation 56 | Best fitness: 336635
2024-07-07 12:11:07.689 | DEBUG    | __main__:genetic_algorithm:53 - Generation 57 | Best fitness: 336637
2024-07-07 12:12:24.721 | DEBUG    | __main__:genetic_algorithm:53 - Generation 58 | Best fitness: 336636
2024-07-07 12:13:41.558 | DEBUG    | __main__:genetic_algorithm:53 - Generation 59 | Best fitness: 336637
2024-07-07 12:14:58.522 | DEBUG    | __main__:genetic_algorithm:53 - Generation 60 | Best fitness: 336637
2024-07-07 12:16:15.953 | DEBUG    | __main__:genetic_algorithm:53 - Generation 61 | Best fitness: 336637
2024-07-07 12:17:32.984 | DEBUG    | __main__:genetic_algorithm:53 - Generation 62 | Best fitness: 336636
2024-07-07 12:18:49.986 | DEBUG    | __main__:genetic_algorithm:53 - Generation 63 | Best fitness: 336636
2024-07-07 12:20:06.826 | DEBUG    | __main__:genetic_algorithm:53 - Generation 64 | Best fitness: 336636
2024-07-07 12:21:23.871 | DEBUG    | __main__:genetic_algorithm:53 - Generation 65 | Best fitness: 336636
2024-07-07 12:22:40.907 | DEBUG    | __main__:genetic_algorithm:53 - Generation 66 | Best fitness: 336633
2024-07-07 12:23:57.853 | DEBUG    | __main__:genetic_algorithm:53 - Generation 67 | Best fitness: 336635
2024-07-07 12:25:14.825 | DEBUG    | __main__:genetic_algorithm:53 - Generation 68 | Best fitness: 336633
2024-07-07 12:26:31.969 | DEBUG    | __main__:genetic_algorithm:53 - Generation 69 | Best fitness: 336635
2024-07-07 12:27:49.462 | DEBUG    | __main__:genetic_algorithm:53 - Generation 70 | Best fitness: 336633
2024-07-07 12:29:06.736 | DEBUG    | __main__:genetic_algorithm:53 - Generation 71 | Best fitness: 336634
2024-07-07 12:30:23.847 | DEBUG    | __main__:genetic_algorithm:53 - Generation 72 | Best fitness: 336635
2024-07-07 12:31:40.864 | DEBUG    | __main__:genetic_algorithm:53 - Generation 73 | Best fitness: 336633
2024-07-07 12:32:57.914 | DEBUG    | __main__:genetic_algorithm:53 - Generation 74 | Best fitness: 336632
2024-07-07 12:34:15.010 | DEBUG    | __main__:genetic_algorithm:53 - Generation 75 | Best fitness: 336633
2024-07-07 12:35:32.141 | DEBUG    | __main__:genetic_algorithm:53 - Generation 76 | Best fitness: 336633
2024-07-07 12:36:49.345 | DEBUG    | __main__:genetic_algorithm:53 - Generation 77 | Best fitness: 336632
2024-07-07 12:38:06.329 | DEBUG    | __main__:genetic_algorithm:53 - Generation 78 | Best fitness: 336631
2024-07-07 12:39:23.338 | DEBUG    | __main__:genetic_algorithm:53 - Generation 79 | Best fitness: 336632
2024-07-07 12:40:40.355 | DEBUG    | __main__:genetic_algorithm:53 - Generation 80 | Best fitness: 336631
2024-07-07 12:41:57.546 | DEBUG    | __main__:genetic_algorithm:53 - Generation 81 | Best fitness: 336632
2024-07-07 12:43:14.707 | DEBUG    | __main__:genetic_algorithm:53 - Generation 82 | Best fitness: 336632
2024-07-07 12:44:31.734 | DEBUG    | __main__:genetic_algorithm:53 - Generation 83 | Best fitness: 336632
2024-07-07 12:45:48.866 | DEBUG    | __main__:genetic_algorithm:53 - Generation 84 | Best fitness: 336631
2024-07-07 12:47:06.277 | DEBUG    | __main__:genetic_algorithm:53 - Generation 85 | Best fitness: 336631
2024-07-07 12:48:23.459 | DEBUG    | __main__:genetic_algorithm:53 - Generation 86 | Best fitness: 336632
2024-07-07 12:49:40.656 | DEBUG    | __main__:genetic_algorithm:53 - Generation 87 | Best fitness: 336632
2024-07-07 12:50:57.665 | DEBUG    | __main__:genetic_algorithm:53 - Generation 88 | Best fitness: 336632
2024-07-07 12:52:15.333 | DEBUG    | __main__:genetic_algorithm:53 - Generation 89 | Best fitness: 336631
2024-07-07 12:53:32.867 | DEBUG    | __main__:genetic_algorithm:53 - Generation 90 | Best fitness: 336631
2024-07-07 12:54:50.463 | DEBUG    | __main__:genetic_algorithm:53 - Generation 91 | Best fitness: 336631
2024-07-07 12:56:07.933 | DEBUG    | __main__:genetic_algorithm:53 - Generation 92 | Best fitness: 336631
2024-07-07 12:57:25.116 | DEBUG    | __main__:genetic_algorithm:53 - Generation 93 | Best fitness: 336631
2024-07-07 12:58:42.516 | DEBUG    | __main__:genetic_algorithm:53 - Generation 94 | Best fitness: 336631
2024-07-07 12:59:59.801 | DEBUG    | __main__:genetic_algorithm:53 - Generation 95 | Best fitness: 336630
2024-07-07 13:01:17.066 | DEBUG    | __main__:genetic_algorithm:53 - Generation 96 | Best fitness: 336631
2024-07-07 13:02:34.468 | DEBUG    | __main__:genetic_algorithm:53 - Generation 97 | Best fitness: 336630
2024-07-07 13:03:52.087 | DEBUG    | __main__:genetic_algorithm:53 - Generation 98 | Best fitness: 336630
2024-07-07 13:05:09.651 | DEBUG    | __main__:genetic_algorithm:53 - Generation 99 | Best fitness: 336630
2024-07-07 13:06:27.045 | DEBUG    | __main__:genetic_algorithm:53 - Generation 100 | Best fitness: 336630
2024-07-07 13:07:44.342 | DEBUG    | __main__:genetic_algorithm:53 - Generation 101 | Best fitness: 336630
2024-07-07 13:09:02.051 | DEBUG    | __main__:genetic_algorithm:53 - Generation 102 | Best fitness: 336630
2024-07-07 13:10:20.928 | DEBUG    | __main__:genetic_algorithm:53 - Generation 103 | Best fitness: 336629
2024-07-07 13:11:38.745 | DEBUG    | __main__:genetic_algorithm:53 - Generation 104 | Best fitness: 336630
2024-07-07 13:12:56.476 | DEBUG    | __main__:genetic_algorithm:53 - Generation 105 | Best fitness: 336630
2024-07-07 13:14:14.234 | DEBUG    | __main__:genetic_algorithm:53 - Generation 106 | Best fitness: 336629
2024-07-07 13:15:31.769 | DEBUG    | __main__:genetic_algorithm:53 - Generation 107 | Best fitness: 336630
2024-07-07 13:16:49.349 | DEBUG    | __main__:genetic_algorithm:53 - Generation 108 | Best fitness: 336630
2024-07-07 13:18:06.924 | DEBUG    | __main__:genetic_algorithm:53 - Generation 109 | Best fitness: 336630
2024-07-07 13:19:24.829 | DEBUG    | __main__:genetic_algorithm:53 - Generation 110 | Best fitness: 336629
2024-07-07 13:20:42.838 | DEBUG    | __main__:genetic_algorithm:53 - Generation 111 | Best fitness: 336629
2024-07-07 13:22:00.593 | DEBUG    | __main__:genetic_algorithm:53 - Generation 112 | Best fitness: 336629
2024-07-07 13:23:18.142 | DEBUG    | __main__:genetic_algorithm:53 - Generation 113 | Best fitness: 336630
2024-07-07 13:24:35.346 | DEBUG    | __main__:genetic_algorithm:53 - Generation 114 | Best fitness: 336629
2024-07-07 13:25:52.872 | DEBUG    | __main__:genetic_algorithm:53 - Generation 115 | Best fitness: 336629
2024-07-07 13:27:10.106 | DEBUG    | __main__:genetic_algorithm:53 - Generation 116 | Best fitness: 336629
2024-07-07 13:28:27.224 | DEBUG    | __main__:genetic_algorithm:53 - Generation 117 | Best fitness: 336629
2024-07-07 13:29:44.296 | DEBUG    | __main__:genetic_algorithm:53 - Generation 118 | Best fitness: 336629
2024-07-07 13:31:01.407 | DEBUG    | __main__:genetic_algorithm:53 - Generation 119 | Best fitness: 336629
2024-07-07 13:32:18.624 | DEBUG    | __main__:genetic_algorithm:53 - Generation 120 | Best fitness: 336629
2024-07-07 13:33:35.815 | DEBUG    | __main__:genetic_algorithm:53 - Generation 121 | Best fitness: 336629
2024-07-07 13:34:52.984 | DEBUG    | __main__:genetic_algorithm:53 - Generation 122 | Best fitness: 336629
2024-07-07 13:36:10.752 | DEBUG    | __main__:genetic_algorithm:53 - Generation 123 | Best fitness: 336629
2024-07-07 13:37:28.489 | DEBUG    | __main__:genetic_algorithm:53 - Generation 124 | Best fitness: 336629
2024-07-07 13:38:45.741 | DEBUG    | __main__:genetic_algorithm:53 - Generation 125 | Best fitness: 336629
2024-07-07 13:40:03.036 | DEBUG    | __main__:genetic_algorithm:53 - Generation 126 | Best fitness: 336629
2024-07-07 13:41:20.811 | DEBUG    | __main__:genetic_algorithm:53 - Generation 127 | Best fitness: 336629
2024-07-07 13:42:38.257 | DEBUG    | __main__:genetic_algorithm:53 - Generation 128 | Best fitness: 336629
2024-07-07 13:43:55.579 | DEBUG    | __main__:genetic_algorithm:53 - Generation 129 | Best fitness: 336629
2024-07-07 13:45:12.863 | DEBUG    | __main__:genetic_algorithm:53 - Generation 130 | Best fitness: 336629
2024-07-07 13:46:30.491 | DEBUG    | __main__:genetic_algorithm:53 - Generation 131 | Best fitness: 336629
2024-07-07 13:47:48.089 | DEBUG    | __main__:genetic_algorithm:53 - Generation 132 | Best fitness: 336629
2024-07-07 13:49:05.640 | DEBUG    | __main__:genetic_algorithm:53 - Generation 133 | Best fitness: 336629
2024-07-07 13:50:22.878 | DEBUG    | __main__:genetic_algorithm:53 - Generation 134 | Best fitness: 336629
2024-07-07 13:51:40.240 | DEBUG    | __main__:genetic_algorithm:53 - Generation 135 | Best fitness: 336629
2024-07-07 13:52:57.573 | DEBUG    | __main__:genetic_algorithm:53 - Generation 136 | Best fitness: 336629
2024-07-07 13:54:15.061 | DEBUG    | __main__:genetic_algorithm:53 - Generation 137 | Best fitness: 336629
2024-07-07 13:55:32.599 | DEBUG    | __main__:genetic_algorithm:53 - Generation 138 | Best fitness: 336629
2024-07-07 13:56:50.182 | DEBUG    | __main__:genetic_algorithm:53 - Generation 139 | Best fitness: 336629
2024-07-07 13:58:07.647 | DEBUG    | __main__:genetic_algorithm:53 - Generation 140 | Best fitness: 336629
2024-07-07 13:59:24.822 | DEBUG    | __main__:genetic_algorithm:53 - Generation 141 | Best fitness: 336629
2024-07-07 14:00:42.338 | DEBUG    | __main__:genetic_algorithm:53 - Generation 142 | Best fitness: 336629
2024-07-07 14:02:00.160 | DEBUG    | __main__:genetic_algorithm:53 - Generation 143 | Best fitness: 336629
2024-07-07 14:03:17.819 | DEBUG    | __main__:genetic_algorithm:53 - Generation 144 | Best fitness: 336629
2024-07-07 14:04:35.229 | DEBUG    | __main__:genetic_algorithm:53 - Generation 145 | Best fitness: 336629
2024-07-07 14:05:52.703 | DEBUG    | __main__:genetic_algorithm:53 - Generation 146 | Best fitness: 336629
2024-07-07 14:07:10.561 | DEBUG    | __main__:genetic_algorithm:53 - Generation 147 | Best fitness: 336629
2024-07-07 14:08:28.155 | DEBUG    | __main__:genetic_algorithm:53 - Generation 148 | Best fitness: 336629
2024-07-07 14:09:45.813 | DEBUG    | __main__:genetic_algorithm:53 - Generation 149 | Best fitness: 336629
2024-07-07 14:11:03.548 | DEBUG    | __main__:genetic_algorithm:53 - Generation 150 | Best fitness: 336629
2024-07-07 14:12:21.212 | DEBUG    | __main__:genetic_algorithm:53 - Generation 151 | Best fitness: 336629
2024-07-07 14:13:38.928 | DEBUG    | __main__:genetic_algorithm:53 - Generation 152 | Best fitness: 336629
2024-07-07 14:14:56.466 | DEBUG    | __main__:genetic_algorithm:53 - Generation 153 | Best fitness: 336629
2024-07-07 14:16:13.935 | DEBUG    | __main__:genetic_algorithm:53 - Generation 154 | Best fitness: 336629
2024-07-07 14:17:31.715 | DEBUG    | __main__:genetic_algorithm:53 - Generation 155 | Best fitness: 336629
2024-07-07 14:18:49.241 | DEBUG    | __main__:genetic_algorithm:53 - Generation 156 | Best fitness: 336629
2024-07-07 14:20:07.098 | DEBUG    | __main__:genetic_algorithm:53 - Generation 157 | Best fitness: 336629
2024-07-07 14:21:24.827 | DEBUG    | __main__:genetic_algorithm:53 - Generation 158 | Best fitness: 336629
2024-07-07 14:22:42.207 | DEBUG    | __main__:genetic_algorithm:53 - Generation 159 | Best fitness: 336629
2024-07-07 14:23:59.758 | DEBUG    | __main__:genetic_algorithm:53 - Generation 160 | Best fitness: 336629
2024-07-07 14:25:17.213 | DEBUG    | __main__:genetic_algorithm:53 - Generation 161 | Best fitness: 336629
2024-07-07 14:26:34.865 | DEBUG    | __main__:genetic_algorithm:53 - Generation 162 | Best fitness: 336629
2024-07-07 14:27:52.639 | DEBUG    | __main__:genetic_algorithm:53 - Generation 163 | Best fitness: 336629
2024-07-07 14:29:10.234 | DEBUG    | __main__:genetic_algorithm:53 - Generation 164 | Best fitness: 336629
2024-07-07 14:30:28.028 | DEBUG    | __main__:genetic_algorithm:53 - Generation 165 | Best fitness: 336629
2024-07-07 14:31:45.842 | DEBUG    | __main__:genetic_algorithm:53 - Generation 166 | Best fitness: 336629
2024-07-07 14:33:03.471 | DEBUG    | __main__:genetic_algorithm:53 - Generation 167 | Best fitness: 336629
2024-07-07 14:34:21.324 | DEBUG    | __main__:genetic_algorithm:53 - Generation 168 | Best fitness: 336629
2024-07-07 14:35:38.888 | DEBUG    | __main__:genetic_algorithm:53 - Generation 169 | Best fitness: 336629
2024-07-07 14:36:56.386 | DEBUG    | __main__:genetic_algorithm:53 - Generation 170 | Best fitness: 336629
2024-07-07 14:38:13.969 | DEBUG    | __main__:genetic_algorithm:53 - Generation 171 | Best fitness: 336629
2024-07-07 14:39:31.777 | DEBUG    | __main__:genetic_algorithm:53 - Generation 172 | Best fitness: 336629
2024-07-07 14:40:49.846 | DEBUG    | __main__:genetic_algorithm:53 - Generation 173 | Best fitness: 336629
2024-07-07 14:42:07.606 | DEBUG    | __main__:genetic_algorithm:53 - Generation 174 | Best fitness: 336629
2024-07-07 14:43:25.294 | DEBUG    | __main__:genetic_algorithm:53 - Generation 175 | Best fitness: 336629
2024-07-07 14:44:43.241 | DEBUG    | __main__:genetic_algorithm:53 - Generation 176 | Best fitness: 336629
2024-07-07 14:46:01.100 | DEBUG    | __main__:genetic_algorithm:53 - Generation 177 | Best fitness: 336629
2024-07-07 14:47:18.947 | DEBUG    | __main__:genetic_algorithm:53 - Generation 178 | Best fitness: 336629
2024-07-07 14:48:36.837 | DEBUG    | __main__:genetic_algorithm:53 - Generation 179 | Best fitness: 336629
2024-07-07 14:49:54.894 | DEBUG    | __main__:genetic_algorithm:53 - Generation 180 | Best fitness: 336629
2024-07-07 14:51:12.669 | DEBUG    | __main__:genetic_algorithm:53 - Generation 181 | Best fitness: 336629
2024-07-07 14:52:30.563 | DEBUG    | __main__:genetic_algorithm:53 - Generation 182 | Best fitness: 336629
2024-07-07 14:53:48.316 | DEBUG    | __main__:genetic_algorithm:53 - Generation 183 | Best fitness: 336629
2024-07-07 14:55:06.284 | DEBUG    | __main__:genetic_algorithm:53 - Generation 184 | Best fitness: 336629
2024-07-07 14:56:24.393 | DEBUG    | __main__:genetic_algorithm:53 - Generation 185 | Best fitness: 336629
2024-07-07 14:57:42.193 | DEBUG    | __main__:genetic_algorithm:53 - Generation 186 | Best fitness: 336629
2024-07-07 14:58:59.803 | DEBUG    | __main__:genetic_algorithm:53 - Generation 187 | Best fitness: 336629
2024-07-07 15:00:17.521 | DEBUG    | __main__:genetic_algorithm:53 - Generation 188 | Best fitness: 336629
2024-07-07 15:01:35.513 | DEBUG    | __main__:genetic_algorithm:53 - Generation 189 | Best fitness: 336629
2024-07-07 15:02:53.245 | DEBUG    | __main__:genetic_algorithm:53 - Generation 190 | Best fitness: 336629
2024-07-07 15:04:10.636 | DEBUG    | __main__:genetic_algorithm:53 - Generation 191 | Best fitness: 336629
2024-07-07 15:05:28.375 | DEBUG    | __main__:genetic_algorithm:53 - Generation 192 | Best fitness: 336629
2024-07-07 15:06:46.234 | DEBUG    | __main__:genetic_algorithm:53 - Generation 193 | Best fitness: 336629
2024-07-07 15:08:03.839 | DEBUG    | __main__:genetic_algorithm:53 - Generation 194 | Best fitness: 336629
2024-07-07 15:09:21.517 | DEBUG    | __main__:genetic_algorithm:53 - Generation 195 | Best fitness: 336629
2024-07-07 15:10:39.194 | DEBUG    | __main__:genetic_algorithm:53 - Generation 196 | Best fitness: 336629
2024-07-07 15:11:57.075 | DEBUG    | __main__:genetic_algorithm:53 - Generation 197 | Best fitness: 336629
2024-07-07 15:13:14.952 | DEBUG    | __main__:genetic_algorithm:53 - Generation 198 | Best fitness: 336629
2024-07-07 15:14:32.673 | DEBUG    | __main__:genetic_algorithm:53 - Generation 199 | Best fitness: 336629
2024-07-07 15:15:50.501 | DEBUG    | __main__:genetic_algorithm:53 - Generation 200 | Best fitness: 336629
2024-07-07 15:17:08.132 | DEBUG    | __main__:genetic_algorithm:82 - Best solution: [1, 1, 0, 0, 1, 1, 1, 1, 1, 0, 1, 0, 1, 1, 0, 1, 0, 0, 0, 0, 1, 0, 0, 1, 1, 0, 0, 1, 0, 0, 0, 1, 1, 1, 1, 0, 1, 1, 0, 0, 1, 1, 1, 1, 1, 1, 0, 1, 1, 0, 1, 0, 0, 1, 0, 1, 1, 1, 1, 1, 1, 1, 1, 1, 1, 1, 1, 1, 1, 1, 1, 1, 1, 1, 1, 1, 1, 1, 0, 1, 1, 1, 1, 1, 1, 1, 1, 0, 1, 1, 1, 1, 1, 0, 1, 1, 0, 1, 1, 1, 1, 0, 1, 0, 1, 0, 1, 1, 0, 0, 1, 0, 1, 1, 0, 1, 1, 1, 1, 1, 0, 1, 1, 1, 1, 0, 0, 1, 1, 1, 1, 1, 1, 0, 1, 0, 0, 1, 1, 0, 1, 1, 1, 0, 0, 0, 0, 1, 1, 1, 0, 1, 1, 1, 1, 1, 0, 1, 1, 0, 1, 1, 0, 0, 1, 1, 0, 1, 1, 1, 0, 0, 1, 1, 1, 0, 0, 1, 0, 0, 0, 1, 1, 1, 1, 0, 1, 1, 1, 1, 1, 1, 0, 1, 1, 1, 1, 0, 1, 1, 0, 1, 0, 1, 1, 0, 1, 1, 0, 1, 0, 1, 1, 0, 1, 1, 0, 1, 1, 1, 1, 1, 0, 1, 1, 1, 1, 1, 0, 1, 1, 1, 0, 1, 1, 1, 1, 1, 0, 0, 1, 1, 1, 0, 1, 0, 0, 1, 1, 1, 0, 1, 1, 1, 1, 1, 0, 1, 0, 0, 1, 1, 1, 1, 1, 1, 1, 1, 1, 1, 1, 1, 1, 1, 0, 1, 1, 1, 1, 0, 0, 1, 0, 1, 0, 0, 1, 0, 0, 1, 1, 1, 1, 1, 1, 0, 0, 1, 1, 1, 1, 0, 1, 0, 0, 1, 1, 1, 1, 0, 1, 1, 1, 1, 0, 1, 1, 1, 0, 1, 1, 0, 1, 1, 1, 1, 1, 1, 1, 1, 1, 0, 1, 1, 1, 1, 1, 0, 1, 1, 1, 0, 1, 0, 1, 1, 0, 1, 1, 1, 0, 1, 1, 1] | Fitness: 336629
2024-07-07 15:17:08.132 | DEBUG    | __main__:genetic_algorithm:84 -  -------------
2024-07-07 15:17:08.132 | DEBUG    | __main__:genetic_algorithm:85 -  ---- End ----
2024-07-07 15:17:08.132 | DEBUG    | __main__:genetic_algorithm:86 -  -------------
2024-07-07 15:17:08.133 | DEBUG    | __main__:genetic_algorithm:33 -  -------------
2024-07-07 15:17:08.133 | DEBUG    | __main__:genetic_algorithm:34 -  --- Start ---
2024-07-07 15:17:08.133 | DEBUG    | __main__:genetic_algorithm:35 -  -------------
2024-07-07 15:17:08.133 | DEBUG    | __main__:genetic_algorithm:37 - Parameters:
2024-07-07 15:17:08.133 | DEBUG    | __main__:genetic_algorithm:38 - pop_size: 600, generation_number: 200, parents_number: 50, mutation_rates: 0.005, tournament_size: 5, max_ones: 250
2024-07-07 15:18:26.187 | DEBUG    | __main__:genetic_algorithm:53 - Generation 1 | Best fitness: 336664
2024-07-07 15:19:42.941 | DEBUG    | __main__:genetic_algorithm:53 - Generation 2 | Best fitness: 336662
2024-07-07 15:20:59.807 | DEBUG    | __main__:genetic_algorithm:53 - Generation 3 | Best fitness: 336664
2024-07-07 15:22:16.900 | DEBUG    | __main__:genetic_algorithm:53 - Generation 4 | Best fitness: 336661
2024-07-07 15:23:33.972 | DEBUG    | __main__:genetic_algorithm:53 - Generation 5 | Best fitness: 336664
2024-07-07 15:24:50.811 | DEBUG    | __main__:genetic_algorithm:53 - Generation 6 | Best fitness: 336663
2024-07-07 15:26:07.958 | DEBUG    | __main__:genetic_algorithm:53 - Generation 7 | Best fitness: 336663
2024-07-07 15:27:24.952 | DEBUG    | __main__:genetic_algorithm:53 - Generation 8 | Best fitness: 336662
2024-07-07 15:28:41.878 | DEBUG    | __main__:genetic_algorithm:53 - Generation 9 | Best fitness: 336662
2024-07-07 15:29:58.909 | DEBUG    | __main__:genetic_algorithm:53 - Generation 10 | Best fitness: 336661
2024-07-07 15:31:15.934 | DEBUG    | __main__:genetic_algorithm:53 - Generation 11 | Best fitness: 336661
2024-07-07 15:32:32.940 | DEBUG    | __main__:genetic_algorithm:53 - Generation 12 | Best fitness: 336660
2024-07-07 15:33:50.256 | DEBUG    | __main__:genetic_algorithm:53 - Generation 13 | Best fitness: 336661
2024-07-07 15:35:07.188 | DEBUG    | __main__:genetic_algorithm:53 - Generation 14 | Best fitness: 336662
2024-07-07 15:36:24.471 | DEBUG    | __main__:genetic_algorithm:53 - Generation 15 | Best fitness: 336661
2024-07-07 15:37:41.339 | DEBUG    | __main__:genetic_algorithm:53 - Generation 16 | Best fitness: 336663
2024-07-07 15:38:58.418 | DEBUG    | __main__:genetic_algorithm:53 - Generation 17 | Best fitness: 336660
2024-07-07 15:40:15.882 | DEBUG    | __main__:genetic_algorithm:53 - Generation 18 | Best fitness: 336662
2024-07-07 15:41:33.219 | DEBUG    | __main__:genetic_algorithm:53 - Generation 19 | Best fitness: 336662
2024-07-07 15:42:49.919 | DEBUG    | __main__:genetic_algorithm:53 - Generation 20 | Best fitness: 336659
2024-07-07 15:44:06.722 | DEBUG    | __main__:genetic_algorithm:53 - Generation 21 | Best fitness: 336661
2024-07-07 15:45:23.645 | DEBUG    | __main__:genetic_algorithm:53 - Generation 22 | Best fitness: 336659
2024-07-07 15:46:40.895 | DEBUG    | __main__:genetic_algorithm:53 - Generation 23 | Best fitness: 336659
2024-07-07 15:47:57.931 | DEBUG    | __main__:genetic_algorithm:53 - Generation 24 | Best fitness: 336659
2024-07-07 15:49:14.749 | DEBUG    | __main__:genetic_algorithm:53 - Generation 25 | Best fitness: 336659
2024-07-07 15:50:31.321 | DEBUG    | __main__:genetic_algorithm:53 - Generation 26 | Best fitness: 336659
2024-07-07 15:51:48.329 | DEBUG    | __main__:genetic_algorithm:53 - Generation 27 | Best fitness: 336659
2024-07-07 15:53:05.081 | DEBUG    | __main__:genetic_algorithm:53 - Generation 28 | Best fitness: 336659
2024-07-07 15:54:22.236 | DEBUG    | __main__:genetic_algorithm:53 - Generation 29 | Best fitness: 336661
2024-07-07 15:55:38.812 | DEBUG    | __main__:genetic_algorithm:53 - Generation 30 | Best fitness: 336657
2024-07-07 15:56:55.537 | DEBUG    | __main__:genetic_algorithm:53 - Generation 31 | Best fitness: 336659
2024-07-07 15:58:12.290 | DEBUG    | __main__:genetic_algorithm:53 - Generation 32 | Best fitness: 336656
2024-07-07 15:59:29.201 | DEBUG    | __main__:genetic_algorithm:53 - Generation 33 | Best fitness: 336659
2024-07-07 16:00:45.910 | DEBUG    | __main__:genetic_algorithm:53 - Generation 34 | Best fitness: 336656
2024-07-07 16:02:02.685 | DEBUG    | __main__:genetic_algorithm:53 - Generation 35 | Best fitness: 336656
2024-07-07 16:03:19.382 | DEBUG    | __main__:genetic_algorithm:53 - Generation 36 | Best fitness: 336656
2024-07-07 16:04:36.427 | DEBUG    | __main__:genetic_algorithm:53 - Generation 37 | Best fitness: 336655
2024-07-07 16:05:53.400 | DEBUG    | __main__:genetic_algorithm:53 - Generation 38 | Best fitness: 336655
2024-07-07 16:07:10.370 | DEBUG    | __main__:genetic_algorithm:53 - Generation 39 | Best fitness: 336658
2024-07-07 16:08:27.437 | DEBUG    | __main__:genetic_algorithm:53 - Generation 40 | Best fitness: 336654
2024-07-07 16:09:44.508 | DEBUG    | __main__:genetic_algorithm:53 - Generation 41 | Best fitness: 336656
2024-07-07 16:11:01.496 | DEBUG    | __main__:genetic_algorithm:53 - Generation 42 | Best fitness: 336653
2024-07-07 16:12:18.570 | DEBUG    | __main__:genetic_algorithm:53 - Generation 43 | Best fitness: 336654
2024-07-07 16:13:35.873 | DEBUG    | __main__:genetic_algorithm:53 - Generation 44 | Best fitness: 336653
2024-07-07 16:14:53.128 | DEBUG    | __main__:genetic_algorithm:53 - Generation 45 | Best fitness: 336654
2024-07-07 16:16:10.254 | DEBUG    | __main__:genetic_algorithm:53 - Generation 46 | Best fitness: 336655
2024-07-07 16:17:27.573 | DEBUG    | __main__:genetic_algorithm:53 - Generation 47 | Best fitness: 336654
2024-07-07 16:18:44.574 | DEBUG    | __main__:genetic_algorithm:53 - Generation 48 | Best fitness: 336653
2024-07-07 16:20:01.941 | DEBUG    | __main__:genetic_algorithm:53 - Generation 49 | Best fitness: 336651
2024-07-07 16:21:19.106 | DEBUG    | __main__:genetic_algorithm:53 - Generation 50 | Best fitness: 336655
2024-07-07 16:22:35.915 | DEBUG    | __main__:genetic_algorithm:53 - Generation 51 | Best fitness: 336650
2024-07-07 16:23:52.476 | DEBUG    | __main__:genetic_algorithm:53 - Generation 52 | Best fitness: 336655
2024-07-07 16:25:09.291 | DEBUG    | __main__:genetic_algorithm:53 - Generation 53 | Best fitness: 336652
2024-07-07 16:26:26.598 | DEBUG    | __main__:genetic_algorithm:53 - Generation 54 | Best fitness: 336655
2024-07-07 16:27:43.666 | DEBUG    | __main__:genetic_algorithm:53 - Generation 55 | Best fitness: 336650
2024-07-07 16:29:00.646 | DEBUG    | __main__:genetic_algorithm:53 - Generation 56 | Best fitness: 336653
2024-07-07 16:30:17.850 | DEBUG    | __main__:genetic_algorithm:53 - Generation 57 | Best fitness: 336651
2024-07-07 16:31:34.924 | DEBUG    | __main__:genetic_algorithm:53 - Generation 58 | Best fitness: 336651
2024-07-07 16:32:52.115 | DEBUG    | __main__:genetic_algorithm:53 - Generation 59 | Best fitness: 336653
2024-07-07 16:34:09.207 | DEBUG    | __main__:genetic_algorithm:53 - Generation 60 | Best fitness: 336649
2024-07-07 16:35:25.977 | DEBUG    | __main__:genetic_algorithm:53 - Generation 61 | Best fitness: 336655
2024-07-07 16:36:42.805 | DEBUG    | __main__:genetic_algorithm:53 - Generation 62 | Best fitness: 336652
2024-07-07 16:37:59.558 | DEBUG    | __main__:genetic_algorithm:53 - Generation 63 | Best fitness: 336652
2024-07-07 16:39:16.440 | DEBUG    | __main__:genetic_algorithm:53 - Generation 64 | Best fitness: 336650
2024-07-07 16:40:33.482 | DEBUG    | __main__:genetic_algorithm:53 - Generation 65 | Best fitness: 336651
2024-07-07 16:41:50.231 | DEBUG    | __main__:genetic_algorithm:53 - Generation 66 | Best fitness: 336649
2024-07-07 16:43:07.021 | DEBUG    | __main__:genetic_algorithm:53 - Generation 67 | Best fitness: 336650
2024-07-07 16:44:23.615 | DEBUG    | __main__:genetic_algorithm:53 - Generation 68 | Best fitness: 336650
2024-07-07 16:45:40.280 | DEBUG    | __main__:genetic_algorithm:53 - Generation 69 | Best fitness: 336648
2024-07-07 16:46:57.523 | DEBUG    | __main__:genetic_algorithm:53 - Generation 70 | Best fitness: 336652
2024-07-07 16:48:14.501 | DEBUG    | __main__:genetic_algorithm:53 - Generation 71 | Best fitness: 336651
2024-07-07 16:49:31.443 | DEBUG    | __main__:genetic_algorithm:53 - Generation 72 | Best fitness: 336651
2024-07-07 16:50:48.587 | DEBUG    | __main__:genetic_algorithm:53 - Generation 73 | Best fitness: 336650
2024-07-07 16:52:05.752 | DEBUG    | __main__:genetic_algorithm:53 - Generation 74 | Best fitness: 336650
2024-07-07 16:53:22.478 | DEBUG    | __main__:genetic_algorithm:53 - Generation 75 | Best fitness: 336649
2024-07-07 16:54:39.070 | DEBUG    | __main__:genetic_algorithm:53 - Generation 76 | Best fitness: 336652
2024-07-07 16:55:55.912 | DEBUG    | __main__:genetic_algorithm:53 - Generation 77 | Best fitness: 336652
2024-07-07 16:57:13.234 | DEBUG    | __main__:genetic_algorithm:53 - Generation 78 | Best fitness: 336650
2024-07-07 16:58:29.936 | DEBUG    | __main__:genetic_algorithm:53 - Generation 79 | Best fitness: 336651
2024-07-07 16:59:47.097 | DEBUG    | __main__:genetic_algorithm:53 - Generation 80 | Best fitness: 336649
2024-07-07 17:01:04.074 | DEBUG    | __main__:genetic_algorithm:53 - Generation 81 | Best fitness: 336649
2024-07-07 17:02:21.121 | DEBUG    | __main__:genetic_algorithm:53 - Generation 82 | Best fitness: 336650
2024-07-07 17:03:38.345 | DEBUG    | __main__:genetic_algorithm:53 - Generation 83 | Best fitness: 336648
2024-07-07 17:04:55.454 | DEBUG    | __main__:genetic_algorithm:53 - Generation 84 | Best fitness: 336651
2024-07-07 17:06:12.807 | DEBUG    | __main__:genetic_algorithm:53 - Generation 85 | Best fitness: 336649
2024-07-07 17:07:30.077 | DEBUG    | __main__:genetic_algorithm:53 - Generation 86 | Best fitness: 336649
2024-07-07 17:08:47.086 | DEBUG    | __main__:genetic_algorithm:53 - Generation 87 | Best fitness: 336650
2024-07-07 17:10:04.261 | DEBUG    | __main__:genetic_algorithm:53 - Generation 88 | Best fitness: 336649
2024-07-07 17:11:21.582 | DEBUG    | __main__:genetic_algorithm:53 - Generation 89 | Best fitness: 336651
2024-07-07 17:12:38.718 | DEBUG    | __main__:genetic_algorithm:53 - Generation 90 | Best fitness: 336648
2024-07-07 17:13:55.523 | DEBUG    | __main__:genetic_algorithm:53 - Generation 91 | Best fitness: 336652
2024-07-07 17:15:12.276 | DEBUG    | __main__:genetic_algorithm:53 - Generation 92 | Best fitness: 336651
2024-07-07 17:16:29.187 | DEBUG    | __main__:genetic_algorithm:53 - Generation 93 | Best fitness: 336648
2024-07-07 17:17:46.126 | DEBUG    | __main__:genetic_algorithm:53 - Generation 94 | Best fitness: 336650
2024-07-07 17:19:03.098 | DEBUG    | __main__:genetic_algorithm:53 - Generation 95 | Best fitness: 336650
2024-07-07 17:20:20.033 | DEBUG    | __main__:genetic_algorithm:53 - Generation 96 | Best fitness: 336650
2024-07-07 17:21:37.236 | DEBUG    | __main__:genetic_algorithm:53 - Generation 97 | Best fitness: 336648
2024-07-07 17:22:54.458 | DEBUG    | __main__:genetic_algorithm:53 - Generation 98 | Best fitness: 336649
2024-07-07 17:24:11.849 | DEBUG    | __main__:genetic_algorithm:53 - Generation 99 | Best fitness: 336650
2024-07-07 17:25:29.190 | DEBUG    | __main__:genetic_algorithm:53 - Generation 100 | Best fitness: 336647
2024-07-07 17:26:46.377 | DEBUG    | __main__:genetic_algorithm:53 - Generation 101 | Best fitness: 336647
2024-07-07 17:28:03.149 | DEBUG    | __main__:genetic_algorithm:53 - Generation 102 | Best fitness: 336649
2024-07-07 17:29:20.115 | DEBUG    | __main__:genetic_algorithm:53 - Generation 103 | Best fitness: 336651
2024-07-07 17:30:37.507 | DEBUG    | __main__:genetic_algorithm:53 - Generation 104 | Best fitness: 336648
2024-07-07 17:31:54.917 | DEBUG    | __main__:genetic_algorithm:53 - Generation 105 | Best fitness: 336650
2024-07-07 17:33:12.085 | DEBUG    | __main__:genetic_algorithm:53 - Generation 106 | Best fitness: 336650
2024-07-07 17:34:29.289 | DEBUG    | __main__:genetic_algorithm:53 - Generation 107 | Best fitness: 336649
2024-07-07 17:35:46.407 | DEBUG    | __main__:genetic_algorithm:53 - Generation 108 | Best fitness: 336650
2024-07-07 17:37:03.250 | DEBUG    | __main__:genetic_algorithm:53 - Generation 109 | Best fitness: 336649
2024-07-07 17:38:20.127 | DEBUG    | __main__:genetic_algorithm:53 - Generation 110 | Best fitness: 336650
2024-07-07 17:39:37.176 | DEBUG    | __main__:genetic_algorithm:53 - Generation 111 | Best fitness: 336649
2024-07-07 17:40:53.852 | DEBUG    | __main__:genetic_algorithm:53 - Generation 112 | Best fitness: 336650
2024-07-07 17:42:10.426 | DEBUG    | __main__:genetic_algorithm:53 - Generation 113 | Best fitness: 336649
2024-07-07 17:43:27.198 | DEBUG    | __main__:genetic_algorithm:53 - Generation 114 | Best fitness: 336647
2024-07-07 17:44:44.175 | DEBUG    | __main__:genetic_algorithm:53 - Generation 115 | Best fitness: 336646
2024-07-07 17:46:00.889 | DEBUG    | __main__:genetic_algorithm:53 - Generation 116 | Best fitness: 336649
2024-07-07 17:47:17.840 | DEBUG    | __main__:genetic_algorithm:53 - Generation 117 | Best fitness: 336649
2024-07-07 17:48:34.653 | DEBUG    | __main__:genetic_algorithm:53 - Generation 118 | Best fitness: 336647
2024-07-07 17:49:51.506 | DEBUG    | __main__:genetic_algorithm:53 - Generation 119 | Best fitness: 336649
2024-07-07 17:51:08.280 | DEBUG    | __main__:genetic_algorithm:53 - Generation 120 | Best fitness: 336647
2024-07-07 17:52:25.122 | DEBUG    | __main__:genetic_algorithm:53 - Generation 121 | Best fitness: 336648
2024-07-07 17:53:41.890 | DEBUG    | __main__:genetic_algorithm:53 - Generation 122 | Best fitness: 336649
2024-07-07 17:54:59.002 | DEBUG    | __main__:genetic_algorithm:53 - Generation 123 | Best fitness: 336648
2024-07-07 17:56:16.190 | DEBUG    | __main__:genetic_algorithm:53 - Generation 124 | Best fitness: 336647
2024-07-07 17:57:33.437 | DEBUG    | __main__:genetic_algorithm:53 - Generation 125 | Best fitness: 336646
2024-07-07 17:58:50.638 | DEBUG    | __main__:genetic_algorithm:53 - Generation 126 | Best fitness: 336647
2024-07-07 18:00:07.758 | DEBUG    | __main__:genetic_algorithm:53 - Generation 127 | Best fitness: 336646
2024-07-07 18:01:24.396 | DEBUG    | __main__:genetic_algorithm:53 - Generation 128 | Best fitness: 336649
2024-07-07 18:02:41.337 | DEBUG    | __main__:genetic_algorithm:53 - Generation 129 | Best fitness: 336647
2024-07-07 18:03:58.400 | DEBUG    | __main__:genetic_algorithm:53 - Generation 130 | Best fitness: 336650
2024-07-07 18:05:15.709 | DEBUG    | __main__:genetic_algorithm:53 - Generation 131 | Best fitness: 336650
2024-07-07 18:06:32.632 | DEBUG    | __main__:genetic_algorithm:53 - Generation 132 | Best fitness: 336649
2024-07-07 18:07:49.712 | DEBUG    | __main__:genetic_algorithm:53 - Generation 133 | Best fitness: 336645
2024-07-07 18:09:06.950 | DEBUG    | __main__:genetic_algorithm:53 - Generation 134 | Best fitness: 336647
2024-07-07 18:10:24.065 | DEBUG    | __main__:genetic_algorithm:53 - Generation 135 | Best fitness: 336646
2024-07-07 18:11:41.137 | DEBUG    | __main__:genetic_algorithm:53 - Generation 136 | Best fitness: 336648
2024-07-07 18:12:58.007 | DEBUG    | __main__:genetic_algorithm:53 - Generation 137 | Best fitness: 336647
2024-07-07 18:14:15.219 | DEBUG    | __main__:genetic_algorithm:53 - Generation 138 | Best fitness: 336647
2024-07-07 18:15:32.817 | DEBUG    | __main__:genetic_algorithm:53 - Generation 139 | Best fitness: 336648
2024-07-07 18:16:50.116 | DEBUG    | __main__:genetic_algorithm:53 - Generation 140 | Best fitness: 336645
2024-07-07 18:18:07.012 | DEBUG    | __main__:genetic_algorithm:53 - Generation 141 | Best fitness: 336647
2024-07-07 18:19:23.990 | DEBUG    | __main__:genetic_algorithm:53 - Generation 142 | Best fitness: 336645
2024-07-07 18:20:40.852 | DEBUG    | __main__:genetic_algorithm:53 - Generation 143 | Best fitness: 336646
2024-07-07 18:21:57.647 | DEBUG    | __main__:genetic_algorithm:53 - Generation 144 | Best fitness: 336647
2024-07-07 18:23:14.454 | DEBUG    | __main__:genetic_algorithm:53 - Generation 145 | Best fitness: 336648
2024-07-07 18:24:31.653 | DEBUG    | __main__:genetic_algorithm:53 - Generation 146 | Best fitness: 336648
2024-07-07 18:25:48.914 | DEBUG    | __main__:genetic_algorithm:53 - Generation 147 | Best fitness: 336647
2024-07-07 18:27:05.582 | DEBUG    | __main__:genetic_algorithm:53 - Generation 148 | Best fitness: 336647
2024-07-07 18:28:22.399 | DEBUG    | __main__:genetic_algorithm:53 - Generation 149 | Best fitness: 336646
2024-07-07 18:29:39.269 | DEBUG    | __main__:genetic_algorithm:53 - Generation 150 | Best fitness: 336648
2024-07-07 18:30:55.881 | DEBUG    | __main__:genetic_algorithm:53 - Generation 151 | Best fitness: 336648
2024-07-07 18:32:13.135 | DEBUG    | __main__:genetic_algorithm:53 - Generation 152 | Best fitness: 336647
2024-07-07 18:33:30.422 | DEBUG    | __main__:genetic_algorithm:53 - Generation 153 | Best fitness: 336646
2024-07-07 18:34:47.416 | DEBUG    | __main__:genetic_algorithm:53 - Generation 154 | Best fitness: 336647
2024-07-07 18:36:04.289 | DEBUG    | __main__:genetic_algorithm:53 - Generation 155 | Best fitness: 336648
2024-07-07 18:37:21.204 | DEBUG    | __main__:genetic_algorithm:53 - Generation 156 | Best fitness: 336647
2024-07-07 18:38:38.197 | DEBUG    | __main__:genetic_algorithm:53 - Generation 157 | Best fitness: 336647
2024-07-07 18:39:55.323 | DEBUG    | __main__:genetic_algorithm:53 - Generation 158 | Best fitness: 336647
2024-07-07 18:41:12.227 | DEBUG    | __main__:genetic_algorithm:53 - Generation 159 | Best fitness: 336646
2024-07-07 18:42:29.432 | DEBUG    | __main__:genetic_algorithm:53 - Generation 160 | Best fitness: 336645
2024-07-07 18:43:46.436 | DEBUG    | __main__:genetic_algorithm:53 - Generation 161 | Best fitness: 336646
2024-07-07 18:45:03.613 | DEBUG    | __main__:genetic_algorithm:53 - Generation 162 | Best fitness: 336645
2024-07-07 18:46:20.853 | DEBUG    | __main__:genetic_algorithm:53 - Generation 163 | Best fitness: 336642
2024-07-07 18:47:37.843 | DEBUG    | __main__:genetic_algorithm:53 - Generation 164 | Best fitness: 336645
2024-07-07 18:48:54.911 | DEBUG    | __main__:genetic_algorithm:53 - Generation 165 | Best fitness: 336645
2024-07-07 18:50:11.707 | DEBUG    | __main__:genetic_algorithm:53 - Generation 166 | Best fitness: 336643
2024-07-07 18:51:28.902 | DEBUG    | __main__:genetic_algorithm:53 - Generation 167 | Best fitness: 336645
2024-07-07 18:52:46.216 | DEBUG    | __main__:genetic_algorithm:53 - Generation 168 | Best fitness: 336646
2024-07-07 18:54:03.289 | DEBUG    | __main__:genetic_algorithm:53 - Generation 169 | Best fitness: 336643
2024-07-07 18:55:20.211 | DEBUG    | __main__:genetic_algorithm:53 - Generation 170 | Best fitness: 336645
2024-07-07 18:56:37.183 | DEBUG    | __main__:genetic_algorithm:53 - Generation 171 | Best fitness: 336645
2024-07-07 18:57:54.110 | DEBUG    | __main__:genetic_algorithm:53 - Generation 172 | Best fitness: 336643
2024-07-07 18:59:11.096 | DEBUG    | __main__:genetic_algorithm:53 - Generation 173 | Best fitness: 336642
2024-07-07 19:00:28.098 | DEBUG    | __main__:genetic_algorithm:53 - Generation 174 | Best fitness: 336645
2024-07-07 19:01:45.224 | DEBUG    | __main__:genetic_algorithm:53 - Generation 175 | Best fitness: 336643
2024-07-07 19:03:02.328 | DEBUG    | __main__:genetic_algorithm:53 - Generation 176 | Best fitness: 336644
2024-07-07 19:04:19.544 | DEBUG    | __main__:genetic_algorithm:53 - Generation 177 | Best fitness: 336643
2024-07-07 19:05:36.572 | DEBUG    | __main__:genetic_algorithm:53 - Generation 178 | Best fitness: 336643
2024-07-07 19:06:53.619 | DEBUG    | __main__:genetic_algorithm:53 - Generation 179 | Best fitness: 336643
2024-07-07 19:08:10.765 | DEBUG    | __main__:genetic_algorithm:53 - Generation 180 | Best fitness: 336643
2024-07-07 19:09:27.688 | DEBUG    | __main__:genetic_algorithm:53 - Generation 181 | Best fitness: 336645
2024-07-07 19:10:44.671 | DEBUG    | __main__:genetic_algorithm:53 - Generation 182 | Best fitness: 336643
2024-07-07 19:12:02.276 | DEBUG    | __main__:genetic_algorithm:53 - Generation 183 | Best fitness: 336643
2024-07-07 19:13:19.584 | DEBUG    | __main__:genetic_algorithm:53 - Generation 184 | Best fitness: 336641
2024-07-07 19:14:36.739 | DEBUG    | __main__:genetic_algorithm:53 - Generation 185 | Best fitness: 336645
2024-07-07 19:15:53.911 | DEBUG    | __main__:genetic_algorithm:53 - Generation 186 | Best fitness: 336644
2024-07-07 19:17:11.073 | DEBUG    | __main__:genetic_algorithm:53 - Generation 187 | Best fitness: 336644
2024-07-07 19:18:28.351 | DEBUG    | __main__:genetic_algorithm:53 - Generation 188 | Best fitness: 336645
2024-07-07 19:19:45.709 | DEBUG    | __main__:genetic_algorithm:53 - Generation 189 | Best fitness: 336644
2024-07-07 19:21:03.025 | DEBUG    | __main__:genetic_algorithm:53 - Generation 190 | Best fitness: 336646
2024-07-07 19:22:20.327 | DEBUG    | __main__:genetic_algorithm:53 - Generation 191 | Best fitness: 336642
2024-07-07 19:23:37.353 | DEBUG    | __main__:genetic_algorithm:53 - Generation 192 | Best fitness: 336645
2024-07-07 19:24:54.795 | DEBUG    | __main__:genetic_algorithm:53 - Generation 193 | Best fitness: 336645
2024-07-07 19:26:12.197 | DEBUG    | __main__:genetic_algorithm:53 - Generation 194 | Best fitness: 336643
2024-07-07 19:27:29.459 | DEBUG    | __main__:genetic_algorithm:53 - Generation 195 | Best fitness: 336645
2024-07-07 19:28:46.628 | DEBUG    | __main__:genetic_algorithm:53 - Generation 196 | Best fitness: 336643
2024-07-07 19:30:04.052 | DEBUG    | __main__:genetic_algorithm:53 - Generation 197 | Best fitness: 336643
2024-07-07 19:31:21.537 | DEBUG    | __main__:genetic_algorithm:53 - Generation 198 | Best fitness: 336644
2024-07-07 19:32:38.962 | DEBUG    | __main__:genetic_algorithm:53 - Generation 199 | Best fitness: 336645
2024-07-07 19:33:56.268 | DEBUG    | __main__:genetic_algorithm:53 - Generation 200 | Best fitness: 336644
2024-07-07 19:35:13.697 | DEBUG    | __main__:genetic_algorithm:82 - Best solution: [1, 1, 0, 1, 1, 1, 1, 0, 1, 1, 1, 0, 1, 1, 1, 0, 0, 0, 1, 0, 1, 1, 1, 1, 1, 0, 0, 1, 0, 0, 1, 0, 1, 0, 1, 0, 1, 1, 1, 0, 1, 1, 1, 1, 0, 0, 1, 0, 1, 1, 1, 1, 1, 0, 0, 1, 1, 1, 1, 0, 0, 1, 1, 1, 1, 1, 1, 1, 1, 0, 0, 0, 1, 1, 1, 0, 1, 0, 1, 1, 1, 1, 1, 0, 0, 1, 0, 1, 1, 0, 0, 1, 1, 1, 1, 1, 0, 1, 1, 1, 1, 1, 1, 0, 1, 0, 1, 0, 0, 1, 1, 0, 1, 1, 0, 1, 1, 1, 0, 1, 0, 1, 1, 1, 1, 1, 0, 0, 0, 1, 0, 1, 1, 1, 1, 1, 1, 1, 1, 1, 0, 1, 1, 0, 1, 1, 0, 1, 0, 1, 1, 0, 1, 1, 0, 1, 1, 1, 1, 1, 1, 1, 0, 1, 1, 0, 0, 1, 1, 1, 1, 1, 1, 1, 1, 1, 1, 1, 0, 0, 1, 1, 0, 0, 0, 1, 1, 0, 0, 1, 1, 1, 1, 0, 1, 0, 1, 0, 1, 1, 0, 1, 1, 1, 1, 0, 1, 1, 1, 1, 0, 1, 1, 1, 1, 1, 0, 1, 1, 0, 1, 1, 0, 1, 1, 1, 1, 1, 0, 1, 1, 1, 0, 1, 0, 1, 1, 0, 1, 1, 0, 1, 1, 0, 1, 1, 1, 1, 1, 1, 0, 1, 0, 1, 0, 1, 1, 1, 1, 0, 1, 1, 1, 1, 1, 1, 0, 1, 1, 1, 1, 0, 1, 1, 0, 1, 1, 1, 0, 1, 0, 1, 1, 0, 0, 0, 0, 1, 1, 1, 1, 0, 1, 1, 1, 1, 1, 1, 1, 1, 1, 1, 1, 1, 1, 0, 1, 1, 1, 0, 1, 1, 1, 1, 0, 1, 1, 1, 1, 1, 1, 0, 0, 1, 0, 1, 1, 0, 1, 1, 1, 1, 1, 1, 0, 1, 0, 1, 1, 0, 1, 0, 1, 0, 1, 1, 1, 1, 1, 1, 0, 1, 0, 1] | Fitness: 336642
2024-07-07 19:35:13.697 | DEBUG    | __main__:genetic_algorithm:84 -  -------------
2024-07-07 19:35:13.697 | DEBUG    | __main__:genetic_algorithm:85 -  ---- End ----
2024-07-07 19:35:13.697 | DEBUG    | __main__:genetic_algorithm:86 -  -------------
2024-07-07 19:35:13.698 | DEBUG    | __main__:genetic_algorithm:33 -  -------------
2024-07-07 19:35:13.698 | DEBUG    | __main__:genetic_algorithm:34 -  --- Start ---
2024-07-07 19:35:13.698 | DEBUG    | __main__:genetic_algorithm:35 -  -------------
2024-07-07 19:35:13.698 | DEBUG    | __main__:genetic_algorithm:37 - Parameters:
2024-07-07 19:35:13.698 | DEBUG    | __main__:genetic_algorithm:38 - pop_size: 600, generation_number: 200, parents_number: 50, mutation_rates: 0.01, tournament_size: 5, max_ones: 250
2024-07-07 19:36:32.061 | DEBUG    | __main__:genetic_algorithm:53 - Generation 1 | Best fitness: 336664
2024-07-07 19:37:49.055 | DEBUG    | __main__:genetic_algorithm:53 - Generation 2 | Best fitness: 336663
2024-07-07 19:39:05.927 | DEBUG    | __main__:genetic_algorithm:53 - Generation 3 | Best fitness: 336665
2024-07-07 19:40:22.769 | DEBUG    | __main__:genetic_algorithm:53 - Generation 4 | Best fitness: 336664
2024-07-07 19:41:39.996 | DEBUG    | __main__:genetic_algorithm:53 - Generation 5 | Best fitness: 336667
2024-07-07 19:42:56.922 | DEBUG    | __main__:genetic_algorithm:53 - Generation 6 | Best fitness: 336665
2024-07-07 19:44:13.685 | DEBUG    | __main__:genetic_algorithm:53 - Generation 7 | Best fitness: 336667
2024-07-07 19:45:30.400 | DEBUG    | __main__:genetic_algorithm:53 - Generation 8 | Best fitness: 336664
2024-07-07 19:46:47.011 | DEBUG    | __main__:genetic_algorithm:53 - Generation 9 | Best fitness: 336666
2024-07-07 19:48:03.559 | DEBUG    | __main__:genetic_algorithm:53 - Generation 10 | Best fitness: 336665
2024-07-07 19:49:20.203 | DEBUG    | __main__:genetic_algorithm:53 - Generation 11 | Best fitness: 336663
2024-07-07 19:50:36.855 | DEBUG    | __main__:genetic_algorithm:53 - Generation 12 | Best fitness: 336666
2024-07-07 19:51:53.319 | DEBUG    | __main__:genetic_algorithm:53 - Generation 13 | Best fitness: 336662
2024-07-07 19:53:09.694 | DEBUG    | __main__:genetic_algorithm:53 - Generation 14 | Best fitness: 336663
2024-07-07 19:54:26.138 | DEBUG    | __main__:genetic_algorithm:53 - Generation 15 | Best fitness: 336661
2024-07-07 19:55:42.475 | DEBUG    | __main__:genetic_algorithm:53 - Generation 16 | Best fitness: 336665
2024-07-07 19:56:58.832 | DEBUG    | __main__:genetic_algorithm:53 - Generation 17 | Best fitness: 336661
2024-07-07 19:58:15.378 | DEBUG    | __main__:genetic_algorithm:53 - Generation 18 | Best fitness: 336664
2024-07-07 19:59:31.774 | DEBUG    | __main__:genetic_algorithm:53 - Generation 19 | Best fitness: 336664
2024-07-07 20:00:48.005 | DEBUG    | __main__:genetic_algorithm:53 - Generation 20 | Best fitness: 336663
2024-07-07 20:02:04.613 | DEBUG    | __main__:genetic_algorithm:53 - Generation 21 | Best fitness: 336663
2024-07-07 20:03:21.244 | DEBUG    | __main__:genetic_algorithm:53 - Generation 22 | Best fitness: 336659
2024-07-07 20:04:37.819 | DEBUG    | __main__:genetic_algorithm:53 - Generation 23 | Best fitness: 336665
2024-07-07 20:05:54.461 | DEBUG    | __main__:genetic_algorithm:53 - Generation 24 | Best fitness: 336663
2024-07-07 20:07:11.034 | DEBUG    | __main__:genetic_algorithm:53 - Generation 25 | Best fitness: 336662
2024-07-07 20:08:27.524 | DEBUG    | __main__:genetic_algorithm:53 - Generation 26 | Best fitness: 336663
2024-07-07 20:09:44.268 | DEBUG    | __main__:genetic_algorithm:53 - Generation 27 | Best fitness: 336662
2024-07-07 20:11:01.009 | DEBUG    | __main__:genetic_algorithm:53 - Generation 28 | Best fitness: 336659
2024-07-07 20:12:18.106 | DEBUG    | __main__:genetic_algorithm:53 - Generation 29 | Best fitness: 336660
2024-07-07 20:13:34.930 | DEBUG    | __main__:genetic_algorithm:53 - Generation 30 | Best fitness: 336661
2024-07-07 20:14:51.653 | DEBUG    | __main__:genetic_algorithm:53 - Generation 31 | Best fitness: 336659
2024-07-07 20:16:08.393 | DEBUG    | __main__:genetic_algorithm:53 - Generation 32 | Best fitness: 336662
2024-07-07 20:17:25.162 | DEBUG    | __main__:genetic_algorithm:53 - Generation 33 | Best fitness: 336658
2024-07-07 20:18:41.660 | DEBUG    | __main__:genetic_algorithm:53 - Generation 34 | Best fitness: 336662
2024-07-07 20:19:58.484 | DEBUG    | __main__:genetic_algorithm:53 - Generation 35 | Best fitness: 336662
2024-07-07 20:21:15.178 | DEBUG    | __main__:genetic_algorithm:53 - Generation 36 | Best fitness: 336661
2024-07-07 20:22:31.885 | DEBUG    | __main__:genetic_algorithm:53 - Generation 37 | Best fitness: 336660
2024-07-07 20:23:48.452 | DEBUG    | __main__:genetic_algorithm:53 - Generation 38 | Best fitness: 336657
2024-07-07 20:25:05.158 | DEBUG    | __main__:genetic_algorithm:53 - Generation 39 | Best fitness: 336661
2024-07-07 20:26:22.097 | DEBUG    | __main__:genetic_algorithm:53 - Generation 40 | Best fitness: 336660
2024-07-07 20:27:38.990 | DEBUG    | __main__:genetic_algorithm:53 - Generation 41 | Best fitness: 336660
2024-07-07 20:28:55.389 | DEBUG    | __main__:genetic_algorithm:53 - Generation 42 | Best fitness: 336662
2024-07-07 20:30:11.891 | DEBUG    | __main__:genetic_algorithm:53 - Generation 43 | Best fitness: 336663
2024-07-07 20:31:28.326 | DEBUG    | __main__:genetic_algorithm:53 - Generation 44 | Best fitness: 336659
2024-07-07 20:32:44.465 | DEBUG    | __main__:genetic_algorithm:53 - Generation 45 | Best fitness: 336660
2024-07-07 20:34:00.715 | DEBUG    | __main__:genetic_algorithm:53 - Generation 46 | Best fitness: 336659
2024-07-07 20:35:17.472 | DEBUG    | __main__:genetic_algorithm:53 - Generation 47 | Best fitness: 336662
2024-07-07 20:36:34.187 | DEBUG    | __main__:genetic_algorithm:53 - Generation 48 | Best fitness: 336660
2024-07-07 20:37:50.442 | DEBUG    | __main__:genetic_algorithm:53 - Generation 49 | Best fitness: 336659
2024-07-07 20:39:06.669 | DEBUG    | __main__:genetic_algorithm:53 - Generation 50 | Best fitness: 336663
2024-07-07 20:40:23.013 | DEBUG    | __main__:genetic_algorithm:53 - Generation 51 | Best fitness: 336658
2024-07-07 20:41:39.316 | DEBUG    | __main__:genetic_algorithm:53 - Generation 52 | Best fitness: 336660
2024-07-07 20:42:55.903 | DEBUG    | __main__:genetic_algorithm:53 - Generation 53 | Best fitness: 336662
2024-07-07 20:44:12.272 | DEBUG    | __main__:genetic_algorithm:53 - Generation 54 | Best fitness: 336661
2024-07-07 20:45:28.646 | DEBUG    | __main__:genetic_algorithm:53 - Generation 55 | Best fitness: 336660
2024-07-07 20:46:45.012 | DEBUG    | __main__:genetic_algorithm:53 - Generation 56 | Best fitness: 336659
2024-07-07 20:48:01.313 | DEBUG    | __main__:genetic_algorithm:53 - Generation 57 | Best fitness: 336661
2024-07-07 20:49:17.584 | DEBUG    | __main__:genetic_algorithm:53 - Generation 58 | Best fitness: 336658
2024-07-07 20:50:34.237 | DEBUG    | __main__:genetic_algorithm:53 - Generation 59 | Best fitness: 336660
2024-07-07 20:51:50.976 | DEBUG    | __main__:genetic_algorithm:53 - Generation 60 | Best fitness: 336661
2024-07-07 20:53:07.422 | DEBUG    | __main__:genetic_algorithm:53 - Generation 61 | Best fitness: 336659
2024-07-07 20:54:23.724 | DEBUG    | __main__:genetic_algorithm:53 - Generation 62 | Best fitness: 336661
2024-07-07 20:55:40.258 | DEBUG    | __main__:genetic_algorithm:53 - Generation 63 | Best fitness: 336660
2024-07-07 20:56:56.619 | DEBUG    | __main__:genetic_algorithm:53 - Generation 64 | Best fitness: 336661
2024-07-07 20:58:12.843 | DEBUG    | __main__:genetic_algorithm:53 - Generation 65 | Best fitness: 336655
2024-07-07 20:59:29.053 | DEBUG    | __main__:genetic_algorithm:53 - Generation 66 | Best fitness: 336658
2024-07-07 21:00:45.325 | DEBUG    | __main__:genetic_algorithm:53 - Generation 67 | Best fitness: 336659
2024-07-07 21:02:01.595 | DEBUG    | __main__:genetic_algorithm:53 - Generation 68 | Best fitness: 336658
2024-07-07 21:03:18.628 | DEBUG    | __main__:genetic_algorithm:53 - Generation 69 | Best fitness: 336654
2024-07-07 21:04:34.865 | DEBUG    | __main__:genetic_algorithm:53 - Generation 70 | Best fitness: 336657
2024-07-07 21:05:51.140 | DEBUG    | __main__:genetic_algorithm:53 - Generation 71 | Best fitness: 336659
2024-07-07 21:07:07.526 | DEBUG    | __main__:genetic_algorithm:53 - Generation 72 | Best fitness: 336659
2024-07-07 21:08:23.904 | DEBUG    | __main__:genetic_algorithm:53 - Generation 73 | Best fitness: 336655
2024-07-07 21:09:40.135 | DEBUG    | __main__:genetic_algorithm:53 - Generation 74 | Best fitness: 336658
2024-07-07 21:10:56.317 | DEBUG    | __main__:genetic_algorithm:53 - Generation 75 | Best fitness: 336661
2024-07-07 21:12:12.640 | DEBUG    | __main__:genetic_algorithm:53 - Generation 76 | Best fitness: 336654
2024-07-07 21:13:29.332 | DEBUG    | __main__:genetic_algorithm:53 - Generation 77 | Best fitness: 336656
2024-07-07 21:14:46.024 | DEBUG    | __main__:genetic_algorithm:53 - Generation 78 | Best fitness: 336658
2024-07-07 21:16:02.437 | DEBUG    | __main__:genetic_algorithm:53 - Generation 79 | Best fitness: 336659
2024-07-07 21:17:18.924 | DEBUG    | __main__:genetic_algorithm:53 - Generation 80 | Best fitness: 336658
2024-07-07 21:18:35.153 | DEBUG    | __main__:genetic_algorithm:53 - Generation 81 | Best fitness: 336657
2024-07-07 21:19:51.540 | DEBUG    | __main__:genetic_algorithm:53 - Generation 82 | Best fitness: 336656
2024-07-07 21:21:08.096 | DEBUG    | __main__:genetic_algorithm:53 - Generation 83 | Best fitness: 336653
2024-07-07 21:22:24.886 | DEBUG    | __main__:genetic_algorithm:53 - Generation 84 | Best fitness: 336659
2024-07-07 21:23:45.172 | DEBUG    | __main__:genetic_algorithm:53 - Generation 85 | Best fitness: 336656
2024-07-07 21:25:23.159 | DEBUG    | __main__:genetic_algorithm:53 - Generation 86 | Best fitness: 336660
2024-07-07 21:26:40.791 | DEBUG    | __main__:genetic_algorithm:53 - Generation 87 | Best fitness: 336660
2024-07-07 21:27:58.383 | DEBUG    | __main__:genetic_algorithm:53 - Generation 88 | Best fitness: 336660
2024-07-07 21:29:15.794 | DEBUG    | __main__:genetic_algorithm:53 - Generation 89 | Best fitness: 336656
2024-07-07 21:30:33.063 | DEBUG    | __main__:genetic_algorithm:53 - Generation 90 | Best fitness: 336660
2024-07-07 21:31:49.437 | DEBUG    | __main__:genetic_algorithm:53 - Generation 91 | Best fitness: 336655
2024-07-07 21:33:05.873 | DEBUG    | __main__:genetic_algorithm:53 - Generation 92 | Best fitness: 336658
2024-07-07 21:34:22.483 | DEBUG    | __main__:genetic_algorithm:53 - Generation 93 | Best fitness: 336660
2024-07-07 21:35:38.912 | DEBUG    | __main__:genetic_algorithm:53 - Generation 94 | Best fitness: 336660
2024-07-07 21:36:55.414 | DEBUG    | __main__:genetic_algorithm:53 - Generation 95 | Best fitness: 336660
2024-07-07 21:38:11.791 | DEBUG    | __main__:genetic_algorithm:53 - Generation 96 | Best fitness: 336658
2024-07-07 21:39:28.096 | DEBUG    | __main__:genetic_algorithm:53 - Generation 97 | Best fitness: 336660
2024-07-07 21:40:44.298 | DEBUG    | __main__:genetic_algorithm:53 - Generation 98 | Best fitness: 336659
2024-07-07 21:42:00.644 | DEBUG    | __main__:genetic_algorithm:53 - Generation 99 | Best fitness: 336659
2024-07-07 21:43:16.868 | DEBUG    | __main__:genetic_algorithm:53 - Generation 100 | Best fitness: 336657
2024-07-07 21:44:33.498 | DEBUG    | __main__:genetic_algorithm:53 - Generation 101 | Best fitness: 336659
2024-07-07 21:45:49.936 | DEBUG    | __main__:genetic_algorithm:53 - Generation 102 | Best fitness: 336657
2024-07-07 21:47:06.412 | DEBUG    | __main__:genetic_algorithm:53 - Generation 103 | Best fitness: 336660
2024-07-07 21:48:22.791 | DEBUG    | __main__:genetic_algorithm:53 - Generation 104 | Best fitness: 336656
2024-07-07 21:49:39.411 | DEBUG    | __main__:genetic_algorithm:53 - Generation 105 | Best fitness: 336662
2024-07-07 21:50:56.062 | DEBUG    | __main__:genetic_algorithm:53 - Generation 106 | Best fitness: 336659
2024-07-07 21:52:12.503 | DEBUG    | __main__:genetic_algorithm:53 - Generation 107 | Best fitness: 336660
2024-07-07 21:53:28.792 | DEBUG    | __main__:genetic_algorithm:53 - Generation 108 | Best fitness: 336658
2024-07-07 21:54:45.182 | DEBUG    | __main__:genetic_algorithm:53 - Generation 109 | Best fitness: 336658
2024-07-07 21:56:01.755 | DEBUG    | __main__:genetic_algorithm:53 - Generation 110 | Best fitness: 336658
2024-07-07 21:57:18.096 | DEBUG    | __main__:genetic_algorithm:53 - Generation 111 | Best fitness: 336659
2024-07-07 21:58:34.665 | DEBUG    | __main__:genetic_algorithm:53 - Generation 112 | Best fitness: 336660
2024-07-07 21:59:50.985 | DEBUG    | __main__:genetic_algorithm:53 - Generation 113 | Best fitness: 336660
2024-07-07 22:01:07.823 | DEBUG    | __main__:genetic_algorithm:53 - Generation 114 | Best fitness: 336660
2024-07-07 22:02:24.530 | DEBUG    | __main__:genetic_algorithm:53 - Generation 115 | Best fitness: 336657
2024-07-07 22:03:41.263 | DEBUG    | __main__:genetic_algorithm:53 - Generation 116 | Best fitness: 336660
2024-07-07 22:04:58.001 | DEBUG    | __main__:genetic_algorithm:53 - Generation 117 | Best fitness: 336659
2024-07-07 22:06:14.940 | DEBUG    | __main__:genetic_algorithm:53 - Generation 118 | Best fitness: 336657
2024-07-07 22:07:31.654 | DEBUG    | __main__:genetic_algorithm:53 - Generation 119 | Best fitness: 336657
2024-07-07 22:08:48.292 | DEBUG    | __main__:genetic_algorithm:53 - Generation 120 | Best fitness: 336660
2024-07-07 22:10:04.972 | DEBUG    | __main__:genetic_algorithm:53 - Generation 121 | Best fitness: 336660
2024-07-07 22:11:21.578 | DEBUG    | __main__:genetic_algorithm:53 - Generation 122 | Best fitness: 336658
2024-07-07 22:12:38.137 | DEBUG    | __main__:genetic_algorithm:53 - Generation 123 | Best fitness: 336659
2024-07-07 22:13:54.843 | DEBUG    | __main__:genetic_algorithm:53 - Generation 124 | Best fitness: 336655
2024-07-07 22:15:11.167 | DEBUG    | __main__:genetic_algorithm:53 - Generation 125 | Best fitness: 336654
2024-07-07 22:16:27.430 | DEBUG    | __main__:genetic_algorithm:53 - Generation 126 | Best fitness: 336656
2024-07-07 22:17:43.680 | DEBUG    | __main__:genetic_algorithm:53 - Generation 127 | Best fitness: 336658
2024-07-07 22:18:59.779 | DEBUG    | __main__:genetic_algorithm:53 - Generation 128 | Best fitness: 336658
2024-07-07 22:20:16.101 | DEBUG    | __main__:genetic_algorithm:53 - Generation 129 | Best fitness: 336660
2024-07-07 22:21:32.854 | DEBUG    | __main__:genetic_algorithm:53 - Generation 130 | Best fitness: 336660
2024-07-07 22:22:49.602 | DEBUG    | __main__:genetic_algorithm:53 - Generation 131 | Best fitness: 336657
2024-07-07 22:24:06.052 | DEBUG    | __main__:genetic_algorithm:53 - Generation 132 | Best fitness: 336659
2024-07-07 22:25:22.745 | DEBUG    | __main__:genetic_algorithm:53 - Generation 133 | Best fitness: 336658
2024-07-07 22:26:39.207 | DEBUG    | __main__:genetic_algorithm:53 - Generation 134 | Best fitness: 336657
2024-07-07 22:27:55.681 | DEBUG    | __main__:genetic_algorithm:53 - Generation 135 | Best fitness: 336658
2024-07-07 22:29:12.179 | DEBUG    | __main__:genetic_algorithm:53 - Generation 136 | Best fitness: 336659
2024-07-07 22:30:28.770 | DEBUG    | __main__:genetic_algorithm:53 - Generation 137 | Best fitness: 336659
2024-07-07 22:31:45.608 | DEBUG    | __main__:genetic_algorithm:53 - Generation 138 | Best fitness: 336659
2024-07-07 22:33:01.991 | DEBUG    | __main__:genetic_algorithm:53 - Generation 139 | Best fitness: 336658
2024-07-07 22:34:18.313 | DEBUG    | __main__:genetic_algorithm:53 - Generation 140 | Best fitness: 336659
2024-07-07 22:35:34.613 | DEBUG    | __main__:genetic_algorithm:53 - Generation 141 | Best fitness: 336659
2024-07-07 22:36:50.866 | DEBUG    | __main__:genetic_algorithm:53 - Generation 142 | Best fitness: 336658
2024-07-07 22:38:07.167 | DEBUG    | __main__:genetic_algorithm:53 - Generation 143 | Best fitness: 336656
2024-07-07 22:39:23.502 | DEBUG    | __main__:genetic_algorithm:53 - Generation 144 | Best fitness: 336659
2024-07-07 22:40:39.915 | DEBUG    | __main__:genetic_algorithm:53 - Generation 145 | Best fitness: 336660
2024-07-07 22:41:56.840 | DEBUG    | __main__:genetic_algorithm:53 - Generation 146 | Best fitness: 336660
2024-07-07 22:43:13.421 | DEBUG    | __main__:genetic_algorithm:53 - Generation 147 | Best fitness: 336656
2024-07-07 22:44:29.944 | DEBUG    | __main__:genetic_algorithm:53 - Generation 148 | Best fitness: 336657
2024-07-07 22:45:46.556 | DEBUG    | __main__:genetic_algorithm:53 - Generation 149 | Best fitness: 336657
2024-07-07 22:47:03.158 | DEBUG    | __main__:genetic_algorithm:53 - Generation 150 | Best fitness: 336659
2024-07-07 22:48:19.676 | DEBUG    | __main__:genetic_algorithm:53 - Generation 151 | Best fitness: 336659
2024-07-07 22:49:36.102 | DEBUG    | __main__:genetic_algorithm:53 - Generation 152 | Best fitness: 336658
2024-07-07 22:50:52.577 | DEBUG    | __main__:genetic_algorithm:53 - Generation 153 | Best fitness: 336658
2024-07-07 22:52:08.878 | DEBUG    | __main__:genetic_algorithm:53 - Generation 154 | Best fitness: 336658
2024-07-07 22:53:25.356 | DEBUG    | __main__:genetic_algorithm:53 - Generation 155 | Best fitness: 336659
2024-07-07 22:54:41.861 | DEBUG    | __main__:genetic_algorithm:53 - Generation 156 | Best fitness: 336659
2024-07-07 22:55:58.425 | DEBUG    | __main__:genetic_algorithm:53 - Generation 157 | Best fitness: 336658
2024-07-07 22:57:15.276 | DEBUG    | __main__:genetic_algorithm:53 - Generation 158 | Best fitness: 336655
2024-07-07 22:58:31.374 | DEBUG    | __main__:genetic_algorithm:53 - Generation 159 | Best fitness: 336660
2024-07-07 22:59:47.494 | DEBUG    | __main__:genetic_algorithm:53 - Generation 160 | Best fitness: 336661
2024-07-07 23:01:03.731 | DEBUG    | __main__:genetic_algorithm:53 - Generation 161 | Best fitness: 336657
2024-07-07 23:02:20.196 | DEBUG    | __main__:genetic_algorithm:53 - Generation 162 | Best fitness: 336657
2024-07-07 23:03:36.577 | DEBUG    | __main__:genetic_algorithm:53 - Generation 163 | Best fitness: 336656
2024-07-07 23:04:53.218 | DEBUG    | __main__:genetic_algorithm:53 - Generation 164 | Best fitness: 336657
2024-07-07 23:06:09.733 | DEBUG    | __main__:genetic_algorithm:53 - Generation 165 | Best fitness: 336655
2024-07-07 23:07:26.080 | DEBUG    | __main__:genetic_algorithm:53 - Generation 166 | Best fitness: 336656
2024-07-07 23:08:42.391 | DEBUG    | __main__:genetic_algorithm:53 - Generation 167 | Best fitness: 336655
2024-07-07 23:09:58.454 | DEBUG    | __main__:genetic_algorithm:53 - Generation 168 | Best fitness: 336656
2024-07-07 23:11:14.962 | DEBUG    | __main__:genetic_algorithm:53 - Generation 169 | Best fitness: 336656
2024-07-07 23:12:31.367 | DEBUG    | __main__:genetic_algorithm:53 - Generation 170 | Best fitness: 336659
2024-07-07 23:13:47.976 | DEBUG    | __main__:genetic_algorithm:53 - Generation 171 | Best fitness: 336654
2024-07-07 23:15:04.168 | DEBUG    | __main__:genetic_algorithm:53 - Generation 172 | Best fitness: 336658
2024-07-07 23:16:20.431 | DEBUG    | __main__:genetic_algorithm:53 - Generation 173 | Best fitness: 336658
2024-07-07 23:17:36.766 | DEBUG    | __main__:genetic_algorithm:53 - Generation 174 | Best fitness: 336658
2024-07-07 23:18:52.902 | DEBUG    | __main__:genetic_algorithm:53 - Generation 175 | Best fitness: 336660
2024-07-07 23:20:09.718 | DEBUG    | __main__:genetic_algorithm:53 - Generation 176 | Best fitness: 336656
2024-07-07 23:21:26.356 | DEBUG    | __main__:genetic_algorithm:53 - Generation 177 | Best fitness: 336656
2024-07-07 23:22:42.802 | DEBUG    | __main__:genetic_algorithm:53 - Generation 178 | Best fitness: 336658
2024-07-07 23:23:59.341 | DEBUG    | __main__:genetic_algorithm:53 - Generation 179 | Best fitness: 336657
2024-07-07 23:25:15.643 | DEBUG    | __main__:genetic_algorithm:53 - Generation 180 | Best fitness: 336659
2024-07-07 23:26:32.262 | DEBUG    | __main__:genetic_algorithm:53 - Generation 181 | Best fitness: 336660
2024-07-07 23:27:48.663 | DEBUG    | __main__:genetic_algorithm:53 - Generation 182 | Best fitness: 336656
2024-07-07 23:29:04.934 | DEBUG    | __main__:genetic_algorithm:53 - Generation 183 | Best fitness: 336657
2024-07-07 23:30:21.048 | DEBUG    | __main__:genetic_algorithm:53 - Generation 184 | Best fitness: 336658
2024-07-07 23:31:37.581 | DEBUG    | __main__:genetic_algorithm:53 - Generation 185 | Best fitness: 336657
2024-07-07 23:32:53.968 | DEBUG    | __main__:genetic_algorithm:53 - Generation 186 | Best fitness: 336657
2024-07-07 23:34:10.447 | DEBUG    | __main__:genetic_algorithm:53 - Generation 187 | Best fitness: 336654
2024-07-07 23:35:27.074 | DEBUG    | __main__:genetic_algorithm:53 - Generation 188 | Best fitness: 336658
2024-07-07 23:36:43.501 | DEBUG    | __main__:genetic_algorithm:53 - Generation 189 | Best fitness: 336655
2024-07-07 23:37:59.764 | DEBUG    | __main__:genetic_algorithm:53 - Generation 190 | Best fitness: 336655
2024-07-07 23:39:16.105 | DEBUG    | __main__:genetic_algorithm:53 - Generation 191 | Best fitness: 336659
2024-07-07 23:40:32.499 | DEBUG    | __main__:genetic_algorithm:53 - Generation 192 | Best fitness: 336659
2024-07-07 23:41:48.826 | DEBUG    | __main__:genetic_algorithm:53 - Generation 193 | Best fitness: 336658
2024-07-07 23:43:05.123 | DEBUG    | __main__:genetic_algorithm:53 - Generation 194 | Best fitness: 336655
2024-07-07 23:44:21.325 | DEBUG    | __main__:genetic_algorithm:53 - Generation 195 | Best fitness: 336659
2024-07-07 23:45:37.810 | DEBUG    | __main__:genetic_algorithm:53 - Generation 196 | Best fitness: 336658
2024-07-07 23:46:54.145 | DEBUG    | __main__:genetic_algorithm:53 - Generation 197 | Best fitness: 336658
2024-07-07 23:48:10.389 | DEBUG    | __main__:genetic_algorithm:53 - Generation 198 | Best fitness: 336656
2024-07-07 23:49:26.952 | DEBUG    | __main__:genetic_algorithm:53 - Generation 199 | Best fitness: 336660
2024-07-07 23:50:43.632 | DEBUG    | __main__:genetic_algorithm:53 - Generation 200 | Best fitness: 336660
2024-07-07 23:52:00.274 | DEBUG    | __main__:genetic_algorithm:82 - Best solution: [1, 1, 0, 1, 1, 0, 1, 1, 0, 1, 0, 0, 1, 0, 0, 1, 0, 0, 0, 1, 1, 1, 1, 1, 0, 1, 0, 0, 1, 0, 1, 0, 1, 1, 0, 0, 1, 1, 0, 1, 1, 0, 0, 1, 0, 0, 0, 1, 1, 0, 1, 0, 1, 1, 1, 0, 1, 1, 1, 1, 0, 1, 0, 1, 1, 1, 0, 0, 1, 1, 1, 1, 1, 1, 1, 1, 1, 1, 1, 0, 1, 0, 0, 0, 1, 1, 1, 1, 1, 1, 1, 1, 1, 1, 0, 1, 1, 1, 1, 0, 1, 0, 1, 1, 1, 1, 1, 1, 1, 1, 1, 0, 1, 0, 1, 1, 0, 0, 1, 1, 0, 1, 1, 0, 1, 1, 0, 1, 0, 1, 1, 1, 0, 0, 1, 1, 0, 1, 1, 1, 1, 1, 1, 1, 1, 0, 0, 1, 1, 1, 1, 1, 0, 1, 0, 1, 1, 0, 0, 1, 1, 1, 1, 1, 1, 1, 0, 1, 1, 1, 1, 0, 1, 1, 1, 1, 1, 1, 1, 0, 1, 1, 1, 1, 1, 0, 1, 1, 1, 0, 1, 1, 1, 0, 1, 1, 0, 1, 1, 1, 1, 0, 0, 0, 1, 1, 1, 1, 1, 1, 0, 1, 1, 1, 1, 1, 1, 1, 0, 0, 0, 1, 1, 1, 0, 1, 1, 1, 0, 1, 1, 0, 0, 0, 0, 0, 1, 1, 1, 1, 1, 1, 1, 0, 1, 1, 0, 1, 1, 1, 0, 0, 1, 1, 0, 1, 1, 1, 0, 1, 0, 0, 1, 1, 1, 1, 1, 1, 1, 1, 1, 1, 0, 1, 1, 1, 1, 1, 0, 0, 1, 1, 0, 1, 1, 1, 1, 1, 1, 1, 1, 1, 0, 0, 1, 1, 1, 0, 1, 1, 1, 1, 1, 1, 1, 1, 1, 0, 1, 1, 1, 1, 1, 1, 1, 1, 1, 1, 1, 1, 1, 0, 0, 1, 1, 1, 1, 1, 1, 0, 1, 1, 1, 0, 0, 1, 1, 1, 0, 0, 1, 0, 0, 0, 0, 0, 1, 1, 1, 1, 0, 1, 1, 1] | Fitness: 336659
2024-07-07 23:52:00.274 | DEBUG    | __main__:genetic_algorithm:84 -  -------------
2024-07-07 23:52:00.274 | DEBUG    | __main__:genetic_algorithm:85 -  ---- End ----
2024-07-07 23:52:00.275 | DEBUG    | __main__:genetic_algorithm:86 -  -------------
2024-07-07 23:52:00.275 | DEBUG    | __main__:genetic_algorithm:33 -  -------------
2024-07-07 23:52:00.275 | DEBUG    | __main__:genetic_algorithm:34 -  --- Start ---
2024-07-07 23:52:00.275 | DEBUG    | __main__:genetic_algorithm:35 -  -------------
2024-07-07 23:52:00.275 | DEBUG    | __main__:genetic_algorithm:37 - Parameters:
2024-07-07 23:52:00.276 | DEBUG    | __main__:genetic_algorithm:38 - pop_size: 600, generation_number: 200, parents_number: 50, mutation_rates: 0.05, tournament_size: 5, max_ones: 250
2024-07-07 23:53:17.943 | DEBUG    | __main__:genetic_algorithm:53 - Generation 1 | Best fitness: 336665
2024-07-07 23:54:32.804 | DEBUG    | __main__:genetic_algorithm:53 - Generation 2 | Best fitness: 336668
2024-07-07 23:55:46.779 | DEBUG    | __main__:genetic_algorithm:53 - Generation 3 | Best fitness: 336676
2024-07-07 23:57:00.323 | DEBUG    | __main__:genetic_algorithm:53 - Generation 4 | Best fitness: 336669
2024-07-07 23:58:13.694 | DEBUG    | __main__:genetic_algorithm:53 - Generation 5 | Best fitness: 336676
2024-07-07 23:59:26.978 | DEBUG    | __main__:genetic_algorithm:53 - Generation 6 | Best fitness: 336677
2024-07-08 00:00:40.560 | DEBUG    | __main__:genetic_algorithm:53 - Generation 7 | Best fitness: 337676
2024-07-08 00:01:54.001 | DEBUG    | __main__:genetic_algorithm:53 - Generation 8 | Best fitness: 336667
2024-07-08 00:03:07.779 | DEBUG    | __main__:genetic_algorithm:53 - Generation 9 | Best fitness: 336682
2024-07-08 00:04:21.048 | DEBUG    | __main__:genetic_algorithm:53 - Generation 10 | Best fitness: 336672
2024-07-08 00:05:34.616 | DEBUG    | __main__:genetic_algorithm:53 - Generation 11 | Best fitness: 337671
2024-07-08 00:06:48.083 | DEBUG    | __main__:genetic_algorithm:53 - Generation 12 | Best fitness: 336671
2024-07-08 00:08:01.439 | DEBUG    | __main__:genetic_algorithm:53 - Generation 13 | Best fitness: 336672
2024-07-08 00:09:14.423 | DEBUG    | __main__:genetic_algorithm:53 - Generation 14 | Best fitness: 336671
2024-07-08 00:10:28.193 | DEBUG    | __main__:genetic_algorithm:53 - Generation 15 | Best fitness: 337672
2024-07-08 00:11:42.008 | DEBUG    | __main__:genetic_algorithm:53 - Generation 16 | Best fitness: 337673
2024-07-08 00:12:57.475 | DEBUG    | __main__:genetic_algorithm:53 - Generation 17 | Best fitness: 336680
2024-07-08 00:14:10.944 | DEBUG    | __main__:genetic_algorithm:53 - Generation 18 | Best fitness: 337674
2024-07-08 00:15:24.087 | DEBUG    | __main__:genetic_algorithm:53 - Generation 19 | Best fitness: 336670
2024-07-08 00:16:37.540 | DEBUG    | __main__:genetic_algorithm:53 - Generation 20 | Best fitness: 336676
2024-07-08 00:17:50.826 | DEBUG    | __main__:genetic_algorithm:53 - Generation 21 | Best fitness: 336679
2024-07-08 00:19:04.383 | DEBUG    | __main__:genetic_algorithm:53 - Generation 22 | Best fitness: 337664
2024-07-08 00:20:18.334 | DEBUG    | __main__:genetic_algorithm:53 - Generation 23 | Best fitness: 336671
2024-07-08 00:21:32.128 | DEBUG    | __main__:genetic_algorithm:53 - Generation 24 | Best fitness: 336674
2024-07-08 00:22:45.802 | DEBUG    | __main__:genetic_algorithm:53 - Generation 25 | Best fitness: 336667
2024-07-08 00:23:59.390 | DEBUG    | __main__:genetic_algorithm:53 - Generation 26 | Best fitness: 336679
2024-07-08 00:25:13.646 | DEBUG    | __main__:genetic_algorithm:53 - Generation 27 | Best fitness: 337672
2024-07-08 00:26:27.099 | DEBUG    | __main__:genetic_algorithm:53 - Generation 28 | Best fitness: 336672
2024-07-08 00:27:40.589 | DEBUG    | __main__:genetic_algorithm:53 - Generation 29 | Best fitness: 336674
2024-07-08 00:28:54.021 | DEBUG    | __main__:genetic_algorithm:53 - Generation 30 | Best fitness: 336674
2024-07-08 00:30:07.398 | DEBUG    | __main__:genetic_algorithm:53 - Generation 31 | Best fitness: 336678
2024-07-08 00:31:20.472 | DEBUG    | __main__:genetic_algorithm:53 - Generation 32 | Best fitness: 336678
2024-07-08 00:32:33.873 | DEBUG    | __main__:genetic_algorithm:53 - Generation 33 | Best fitness: 336671
2024-07-08 00:33:47.035 | DEBUG    | __main__:genetic_algorithm:53 - Generation 34 | Best fitness: 337675
2024-07-08 00:35:00.100 | DEBUG    | __main__:genetic_algorithm:53 - Generation 35 | Best fitness: 336671
2024-07-08 00:36:13.262 | DEBUG    | __main__:genetic_algorithm:53 - Generation 36 | Best fitness: 337676
2024-07-08 00:37:26.488 | DEBUG    | __main__:genetic_algorithm:53 - Generation 37 | Best fitness: 336678
2024-07-08 00:38:39.670 | DEBUG    | __main__:genetic_algorithm:53 - Generation 38 | Best fitness: 336672
2024-07-08 00:39:52.810 | DEBUG    | __main__:genetic_algorithm:53 - Generation 39 | Best fitness: 336681
2024-07-08 00:41:06.367 | DEBUG    | __main__:genetic_algorithm:53 - Generation 40 | Best fitness: 336674
2024-07-08 00:42:19.578 | DEBUG    | __main__:genetic_algorithm:53 - Generation 41 | Best fitness: 336669
2024-07-08 00:43:32.654 | DEBUG    | __main__:genetic_algorithm:53 - Generation 42 | Best fitness: 336676
2024-07-08 00:44:45.842 | DEBUG    | __main__:genetic_algorithm:53 - Generation 43 | Best fitness: 336673
2024-07-08 00:45:59.367 | DEBUG    | __main__:genetic_algorithm:53 - Generation 44 | Best fitness: 337671
2024-07-08 00:47:18.603 | DEBUG    | __main__:genetic_algorithm:53 - Generation 45 | Best fitness: 336673
2024-07-08 00:48:37.344 | DEBUG    | __main__:genetic_algorithm:53 - Generation 46 | Best fitness: 336682
