2024-07-08 02:26:57.714 | DEBUG    | __main__:<module>:23 -  -------------
2024-07-08 02:26:57.714 | DEBUG    | __main__:<module>:24 -  --- Start ---
2024-07-08 02:26:57.714 | DEBUG    | __main__:<module>:25 -  -------------
2024-07-08 02:26:57.714 | DEBUG    | __main__:<module>:27 - Parameters:
2024-07-08 02:26:57.714 | DEBUG    | __main__:<module>:28 - pop_size: 100, generation_number: 100, parents_number: 50, mutation_rates: [0.01], tournament_size: 5, max_ones: No limit
2024-07-08 02:26:57.714 | DEBUG    | __main__:genetic_algorithm:42 - --- GA started ---
2024-07-08 02:27:06.824 | DEBUG    | __main__:genetic_algorithm:54 - Generation 1 | Best fitness: 392705
2024-07-08 02:27:16.998 | DEBUG    | __main__:genetic_algorithm:54 - Generation 2 | Best fitness: 381686
2024-07-08 02:27:28.000 | DEBUG    | __main__:genetic_algorithm:54 - Generation 3 | Best fitness: 371690
2024-07-08 02:27:39.710 | DEBUG    | __main__:genetic_algorithm:54 - Generation 4 | Best fitness: 360679
2024-07-08 02:27:53.069 | DEBUG    | __main__:genetic_algorithm:54 - Generation 5 | Best fitness: 357677
2024-07-08 02:28:05.279 | DEBUG    | __main__:genetic_algorithm:54 - Generation 6 | Best fitness: 349673
2024-07-08 02:28:18.854 | DEBUG    | __main__:genetic_algorithm:54 - Generation 7 | Best fitness: 338666
2024-07-08 02:28:32.832 | DEBUG    | __main__:genetic_algorithm:54 - Generation 8 | Best fitness: 338668
2024-07-08 02:28:46.200 | DEBUG    | __main__:genetic_algorithm:54 - Generation 9 | Best fitness: 337668
2024-07-08 02:29:00.808 | DEBUG    | __main__:genetic_algorithm:54 - Generation 10 | Best fitness: 327671
2024-07-08 02:29:15.772 | DEBUG    | __main__:genetic_algorithm:54 - Generation 11 | Best fitness: 325667
2024-07-08 02:29:31.497 | DEBUG    | __main__:genetic_algorithm:54 - Generation 12 | Best fitness: 314668
2024-07-08 02:29:47.134 | DEBUG    | __main__:genetic_algorithm:54 - Generation 13 | Best fitness: 311666
2024-07-08 02:30:02.768 | DEBUG    | __main__:genetic_algorithm:54 - Generation 14 | Best fitness: 311659
2024-07-08 02:30:19.298 | DEBUG    | __main__:genetic_algorithm:54 - Generation 15 | Best fitness: 305663
2024-07-08 02:30:35.083 | DEBUG    | __main__:genetic_algorithm:54 - Generation 16 | Best fitness: 302662
2024-07-08 02:30:50.742 | DEBUG    | __main__:genetic_algorithm:54 - Generation 17 | Best fitness: 299657
2024-07-08 02:31:06.432 | DEBUG    | __main__:genetic_algorithm:54 - Generation 18 | Best fitness: 292661
2024-07-08 02:31:22.908 | DEBUG    | __main__:genetic_algorithm:54 - Generation 19 | Best fitness: 293664
2024-07-08 02:31:38.873 | DEBUG    | __main__:genetic_algorithm:54 - Generation 20 | Best fitness: 287660
2024-07-08 02:31:54.723 | DEBUG    | __main__:genetic_algorithm:54 - Generation 21 | Best fitness: 285661
2024-07-08 02:32:11.151 | DEBUG    | __main__:genetic_algorithm:54 - Generation 22 | Best fitness: 283659
2024-07-08 02:32:27.363 | DEBUG    | __main__:genetic_algorithm:54 - Generation 23 | Best fitness: 281658
2024-07-08 02:32:43.474 | DEBUG    | __main__:genetic_algorithm:54 - Generation 24 | Best fitness: 279651
2024-07-08 02:33:00.178 | DEBUG    | __main__:genetic_algorithm:54 - Generation 25 | Best fitness: 276652
2024-07-08 02:33:16.645 | DEBUG    | __main__:genetic_algorithm:54 - Generation 26 | Best fitness: 273655
2024-07-08 02:33:33.397 | DEBUG    | __main__:genetic_algorithm:54 - Generation 27 | Best fitness: 274655
2024-07-08 02:33:50.869 | DEBUG    | __main__:genetic_algorithm:54 - Generation 28 | Best fitness: 272650
2024-07-08 02:34:08.527 | DEBUG    | __main__:genetic_algorithm:54 - Generation 29 | Best fitness: 270649
2024-07-08 02:34:26.205 | DEBUG    | __main__:genetic_algorithm:54 - Generation 30 | Best fitness: 270647
2024-07-08 02:34:42.829 | DEBUG    | __main__:genetic_algorithm:54 - Generation 31 | Best fitness: 264650
2024-07-08 02:35:00.375 | DEBUG    | __main__:genetic_algorithm:54 - Generation 32 | Best fitness: 262649
2024-07-08 02:35:17.648 | DEBUG    | __main__:genetic_algorithm:54 - Generation 33 | Best fitness: 264649
2024-07-08 02:35:35.206 | DEBUG    | __main__:genetic_algorithm:54 - Generation 34 | Best fitness: 260644
2024-07-08 02:35:53.378 | DEBUG    | __main__:genetic_algorithm:54 - Generation 35 | Best fitness: 260644
2024-07-08 02:36:11.828 | DEBUG    | __main__:genetic_algorithm:54 - Generation 36 | Best fitness: 259648
2024-07-08 02:36:30.271 | DEBUG    | __main__:genetic_algorithm:54 - Generation 37 | Best fitness: 257647
2024-07-08 02:36:49.227 | DEBUG    | __main__:genetic_algorithm:54 - Generation 38 | Best fitness: 255647
2024-07-08 02:37:06.694 | DEBUG    | __main__:genetic_algorithm:54 - Generation 39 | Best fitness: 254647
2024-07-08 02:37:26.072 | DEBUG    | __main__:genetic_algorithm:54 - Generation 40 | Best fitness: 255646
2024-07-08 02:37:44.696 | DEBUG    | __main__:genetic_algorithm:54 - Generation 41 | Best fitness: 254649
2024-07-08 02:38:03.275 | DEBUG    | __main__:genetic_algorithm:54 - Generation 42 | Best fitness: 253647
2024-07-08 02:38:22.434 | DEBUG    | __main__:genetic_algorithm:54 - Generation 43 | Best fitness: 253647
2024-07-08 02:38:39.634 | DEBUG    | __main__:genetic_algorithm:54 - Generation 44 | Best fitness: 251646
2024-07-08 02:38:57.307 | DEBUG    | __main__:genetic_algorithm:54 - Generation 45 | Best fitness: 252648
2024-07-08 02:39:14.486 | DEBUG    | __main__:genetic_algorithm:54 - Generation 46 | Best fitness: 250645
2024-07-08 02:39:31.712 | DEBUG    | __main__:genetic_algorithm:54 - Generation 47 | Best fitness: 248648
2024-07-08 02:39:48.981 | DEBUG    | __main__:genetic_algorithm:54 - Generation 48 | Best fitness: 251648
2024-07-08 02:40:06.237 | DEBUG    | __main__:genetic_algorithm:54 - Generation 49 | Best fitness: 248647
2024-07-08 02:40:23.499 | DEBUG    | __main__:genetic_algorithm:54 - Generation 50 | Best fitness: 248644
2024-07-08 02:40:40.783 | DEBUG    | __main__:genetic_algorithm:54 - Generation 51 | Best fitness: 246645
2024-07-08 02:40:58.150 | DEBUG    | __main__:genetic_algorithm:54 - Generation 52 | Best fitness: 247643
2024-07-08 02:41:15.578 | DEBUG    | __main__:genetic_algorithm:54 - Generation 53 | Best fitness: 248644
2024-07-08 02:41:33.010 | DEBUG    | __main__:genetic_algorithm:54 - Generation 54 | Best fitness: 245643
2024-07-08 02:41:50.393 | DEBUG    | __main__:genetic_algorithm:54 - Generation 55 | Best fitness: 247646
2024-07-08 02:42:07.789 | DEBUG    | __main__:genetic_algorithm:54 - Generation 56 | Best fitness: 247645
2024-07-08 02:42:25.222 | DEBUG    | __main__:genetic_algorithm:54 - Generation 57 | Best fitness: 244644
2024-07-08 02:42:42.600 | DEBUG    | __main__:genetic_algorithm:54 - Generation 58 | Best fitness: 247646
2024-07-08 02:43:00.086 | DEBUG    | __main__:genetic_algorithm:54 - Generation 59 | Best fitness: 244644
2024-07-08 02:43:17.787 | DEBUG    | __main__:genetic_algorithm:54 - Generation 60 | Best fitness: 245645
2024-07-08 02:43:35.804 | DEBUG    | __main__:genetic_algorithm:54 - Generation 61 | Best fitness: 245642
2024-07-08 02:43:54.843 | DEBUG    | __main__:genetic_algorithm:54 - Generation 62 | Best fitness: 241643
2024-07-08 02:44:13.599 | DEBUG    | __main__:genetic_algorithm:54 - Generation 63 | Best fitness: 245644
2024-07-08 02:44:34.213 | DEBUG    | __main__:genetic_algorithm:54 - Generation 64 | Best fitness: 242642
2024-07-08 02:44:53.614 | DEBUG    | __main__:genetic_algorithm:54 - Generation 65 | Best fitness: 243642
2024-07-08 02:45:13.330 | DEBUG    | __main__:genetic_algorithm:54 - Generation 66 | Best fitness: 243642
2024-07-08 02:45:32.721 | DEBUG    | __main__:genetic_algorithm:54 - Generation 67 | Best fitness: 242644
2024-07-08 02:45:51.773 | DEBUG    | __main__:genetic_algorithm:54 - Generation 68 | Best fitness: 241648
