2024-07-06 10:24:06.028 | DEBUG    | __main__:<module>:23 -  -------------
2024-07-06 10:24:06.028 | DEBUG    | __main__:<module>:24 -  --- Start ---
2024-07-06 10:24:06.028 | DEBUG    | __main__:<module>:25 -  -------------
2024-07-06 10:24:06.028 | DEBUG    | __main__:<module>:27 - Parameters:
2024-07-06 10:24:06.028 | DEBUG    | __main__:<module>:28 - pop_size: 200, generation_number: 100, parents_number: 50, mutation_rates: [0.001, 0.005, 0.01, 0.05, 0.1], tournament_size: 5, max_ones: 250
2024-07-06 10:24:06.028 | DEBUG    | __main__:genetic_algorithm:42 - --- GA started ---
2024-07-06 10:24:33.864 | DEBUG    | __main__:genetic_algorithm:54 - Generation 1 | Best fitness: 336666
2024-07-06 10:25:01.055 | DEBUG    | __main__:genetic_algorithm:54 - Generation 2 | Best fitness: 336663
2024-07-06 10:25:28.007 | DEBUG    | __main__:genetic_algorithm:54 - Generation 3 | Best fitness: 336661
2024-07-06 10:25:53.826 | DEBUG    | __main__:genetic_algorithm:54 - Generation 4 | Best fitness: 336662
2024-07-06 10:26:19.727 | DEBUG    | __main__:genetic_algorithm:54 - Generation 5 | Best fitness: 336658
2024-07-06 10:26:45.603 | DEBUG    | __main__:genetic_algorithm:54 - Generation 6 | Best fitness: 336661
2024-07-06 10:27:11.531 | DEBUG    | __main__:genetic_algorithm:54 - Generation 7 | Best fitness: 336660
2024-07-06 10:27:37.496 | DEBUG    | __main__:genetic_algorithm:54 - Generation 8 | Best fitness: 336660
2024-07-06 10:28:03.433 | DEBUG    | __main__:genetic_algorithm:54 - Generation 9 | Best fitness: 336662
2024-07-06 10:28:29.035 | DEBUG    | __main__:genetic_algorithm:54 - Generation 10 | Best fitness: 336659
2024-07-06 10:28:54.786 | DEBUG    | __main__:genetic_algorithm:54 - Generation 11 | Best fitness: 336656
2024-07-06 10:29:20.426 | DEBUG    | __main__:genetic_algorithm:54 - Generation 12 | Best fitness: 336658
2024-07-06 10:29:46.039 | DEBUG    | __main__:genetic_algorithm:54 - Generation 13 | Best fitness: 336657
2024-07-06 10:30:11.622 | DEBUG    | __main__:genetic_algorithm:54 - Generation 14 | Best fitness: 336655
2024-07-06 10:30:37.414 | DEBUG    | __main__:genetic_algorithm:54 - Generation 15 | Best fitness: 336656
2024-07-06 10:31:03.022 | DEBUG    | __main__:genetic_algorithm:54 - Generation 16 | Best fitness: 336656
2024-07-06 10:31:28.541 | DEBUG    | __main__:genetic_algorithm:54 - Generation 17 | Best fitness: 336656
2024-07-06 10:31:54.124 | DEBUG    | __main__:genetic_algorithm:54 - Generation 18 | Best fitness: 336655
2024-07-06 10:32:19.699 | DEBUG    | __main__:genetic_algorithm:54 - Generation 19 | Best fitness: 336653
2024-07-06 10:32:45.258 | DEBUG    | __main__:genetic_algorithm:54 - Generation 20 | Best fitness: 336653
2024-07-06 10:33:10.820 | DEBUG    | __main__:genetic_algorithm:54 - Generation 21 | Best fitness: 336653
2024-07-06 10:33:36.324 | DEBUG    | __main__:genetic_algorithm:54 - Generation 22 | Best fitness: 336652
2024-07-06 10:34:01.815 | DEBUG    | __main__:genetic_algorithm:54 - Generation 23 | Best fitness: 336652
2024-07-06 10:34:27.336 | DEBUG    | __main__:genetic_algorithm:54 - Generation 24 | Best fitness: 336651
2024-07-06 10:34:52.884 | DEBUG    | __main__:genetic_algorithm:54 - Generation 25 | Best fitness: 336652
2024-07-06 10:35:18.398 | DEBUG    | __main__:genetic_algorithm:54 - Generation 26 | Best fitness: 336651
2024-07-06 10:35:43.921 | DEBUG    | __main__:genetic_algorithm:54 - Generation 27 | Best fitness: 336651
2024-07-06 10:36:10.166 | DEBUG    | __main__:genetic_algorithm:54 - Generation 28 | Best fitness: 336651
2024-07-06 10:36:38.226 | DEBUG    | __main__:genetic_algorithm:54 - Generation 29 | Best fitness: 336651
2024-07-06 10:37:07.216 | DEBUG    | __main__:genetic_algorithm:54 - Generation 30 | Best fitness: 336648
2024-07-06 10:37:37.214 | DEBUG    | __main__:genetic_algorithm:54 - Generation 31 | Best fitness: 336649
2024-07-06 10:38:02.910 | DEBUG    | __main__:genetic_algorithm:54 - Generation 32 | Best fitness: 336648
2024-07-06 10:38:29.748 | DEBUG    | __main__:genetic_algorithm:54 - Generation 33 | Best fitness: 336646
2024-07-06 10:38:56.944 | DEBUG    | __main__:genetic_algorithm:54 - Generation 34 | Best fitness: 336646
2024-07-06 10:39:28.021 | DEBUG    | __main__:genetic_algorithm:54 - Generation 35 | Best fitness: 336646
2024-07-06 10:39:57.227 | DEBUG    | __main__:genetic_algorithm:54 - Generation 36 | Best fitness: 336646
2024-07-06 10:40:23.763 | DEBUG    | __main__:genetic_algorithm:54 - Generation 37 | Best fitness: 336647
2024-07-06 10:40:51.013 | DEBUG    | __main__:genetic_algorithm:54 - Generation 38 | Best fitness: 336646
2024-07-06 10:41:18.553 | DEBUG    | __main__:genetic_algorithm:54 - Generation 39 | Best fitness: 336644
2024-07-06 10:41:45.062 | DEBUG    | __main__:genetic_algorithm:54 - Generation 40 | Best fitness: 336646
2024-07-06 10:42:11.209 | DEBUG    | __main__:genetic_algorithm:54 - Generation 41 | Best fitness: 336646
2024-07-06 10:42:39.379 | DEBUG    | __main__:genetic_algorithm:54 - Generation 42 | Best fitness: 336644
2024-07-06 10:43:06.034 | DEBUG    | __main__:genetic_algorithm:54 - Generation 43 | Best fitness: 336645
2024-07-06 10:43:32.922 | DEBUG    | __main__:genetic_algorithm:54 - Generation 44 | Best fitness: 336645
2024-07-06 10:43:58.712 | DEBUG    | __main__:genetic_algorithm:54 - Generation 45 | Best fitness: 336645
2024-07-06 10:44:24.381 | DEBUG    | __main__:genetic_algorithm:54 - Generation 46 | Best fitness: 336642
2024-07-06 10:44:50.232 | DEBUG    | __main__:genetic_algorithm:54 - Generation 47 | Best fitness: 336643
2024-07-06 10:45:15.988 | DEBUG    | __main__:genetic_algorithm:54 - Generation 48 | Best fitness: 336643
2024-07-06 10:45:41.734 | DEBUG    | __main__:genetic_algorithm:54 - Generation 49 | Best fitness: 336643
2024-07-06 10:46:07.672 | DEBUG    | __main__:genetic_algorithm:54 - Generation 50 | Best fitness: 336643
2024-07-06 10:46:34.915 | DEBUG    | __main__:genetic_algorithm:54 - Generation 51 | Best fitness: 336643
2024-07-06 10:47:01.175 | DEBUG    | __main__:genetic_algorithm:54 - Generation 52 | Best fitness: 336643
2024-07-06 10:47:27.198 | DEBUG    | __main__:genetic_algorithm:54 - Generation 53 | Best fitness: 336640
2024-07-06 10:47:52.870 | DEBUG    | __main__:genetic_algorithm:54 - Generation 54 | Best fitness: 336641
2024-07-06 10:48:18.547 | DEBUG    | __main__:genetic_algorithm:54 - Generation 55 | Best fitness: 336640
2024-07-06 10:48:44.211 | DEBUG    | __main__:genetic_algorithm:54 - Generation 56 | Best fitness: 336639
2024-07-06 10:49:09.889 | DEBUG    | __main__:genetic_algorithm:54 - Generation 57 | Best fitness: 336640
2024-07-06 10:49:35.566 | DEBUG    | __main__:genetic_algorithm:54 - Generation 58 | Best fitness: 336639
2024-07-06 10:50:01.206 | DEBUG    | __main__:genetic_algorithm:54 - Generation 59 | Best fitness: 336640
2024-07-06 10:50:28.364 | DEBUG    | __main__:genetic_algorithm:54 - Generation 60 | Best fitness: 336640
2024-07-06 10:50:54.857 | DEBUG    | __main__:genetic_algorithm:54 - Generation 61 | Best fitness: 336640
2024-07-06 10:51:20.581 | DEBUG    | __main__:genetic_algorithm:54 - Generation 62 | Best fitness: 336640
2024-07-06 10:51:46.309 | DEBUG    | __main__:genetic_algorithm:54 - Generation 63 | Best fitness: 336640
2024-07-06 10:52:11.898 | DEBUG    | __main__:genetic_algorithm:54 - Generation 64 | Best fitness: 336639
2024-07-06 10:52:37.669 | DEBUG    | __main__:genetic_algorithm:54 - Generation 65 | Best fitness: 336640
2024-07-06 10:53:03.865 | DEBUG    | __main__:genetic_algorithm:54 - Generation 66 | Best fitness: 336639
2024-07-06 10:53:29.975 | DEBUG    | __main__:genetic_algorithm:54 - Generation 67 | Best fitness: 336639
2024-07-06 10:53:55.665 | DEBUG    | __main__:genetic_algorithm:54 - Generation 68 | Best fitness: 336639
2024-07-06 10:54:21.341 | DEBUG    | __main__:genetic_algorithm:54 - Generation 69 | Best fitness: 336639
2024-07-06 10:54:46.938 | DEBUG    | __main__:genetic_algorithm:54 - Generation 70 | Best fitness: 336639
2024-07-06 10:55:12.601 | DEBUG    | __main__:genetic_algorithm:54 - Generation 71 | Best fitness: 336639
2024-07-06 10:55:40.257 | DEBUG    | __main__:genetic_algorithm:54 - Generation 72 | Best fitness: 336639
2024-07-06 10:56:06.126 | DEBUG    | __main__:genetic_algorithm:54 - Generation 73 | Best fitness: 336639
2024-07-06 10:56:31.929 | DEBUG    | __main__:genetic_algorithm:54 - Generation 74 | Best fitness: 336639
2024-07-06 10:56:59.367 | DEBUG    | __main__:genetic_algorithm:54 - Generation 75 | Best fitness: 336638
2024-07-06 10:57:26.702 | DEBUG    | __main__:genetic_algorithm:54 - Generation 76 | Best fitness: 336638
2024-07-06 10:57:53.697 | DEBUG    | __main__:genetic_algorithm:54 - Generation 77 | Best fitness: 336638
2024-07-06 10:58:20.144 | DEBUG    | __main__:genetic_algorithm:54 - Generation 78 | Best fitness: 336638
2024-07-06 10:58:51.718 | DEBUG    | __main__:genetic_algorithm:54 - Generation 79 | Best fitness: 336638
2024-07-06 10:59:22.663 | DEBUG    | __main__:genetic_algorithm:54 - Generation 80 | Best fitness: 336638
2024-07-06 10:59:51.319 | DEBUG    | __main__:genetic_algorithm:54 - Generation 81 | Best fitness: 336637
2024-07-06 11:00:19.431 | DEBUG    | __main__:genetic_algorithm:54 - Generation 82 | Best fitness: 336637
2024-07-06 11:00:51.199 | DEBUG    | __main__:genetic_algorithm:54 - Generation 83 | Best fitness: 336637
2024-07-06 11:01:16.925 | DEBUG    | __main__:genetic_algorithm:54 - Generation 84 | Best fitness: 336637
2024-07-06 11:01:42.619 | DEBUG    | __main__:genetic_algorithm:54 - Generation 85 | Best fitness: 336637
2024-07-06 11:02:08.258 | DEBUG    | __main__:genetic_algorithm:54 - Generation 86 | Best fitness: 336637
2024-07-06 11:02:33.862 | DEBUG    | __main__:genetic_algorithm:54 - Generation 87 | Best fitness: 336637
2024-07-06 11:02:59.456 | DEBUG    | __main__:genetic_algorithm:54 - Generation 88 | Best fitness: 336637
2024-07-06 11:03:25.062 | DEBUG    | __main__:genetic_algorithm:54 - Generation 89 | Best fitness: 336636
2024-07-06 11:03:50.660 | DEBUG    | __main__:genetic_algorithm:54 - Generation 90 | Best fitness: 336636
2024-07-06 11:04:16.316 | DEBUG    | __main__:genetic_algorithm:54 - Generation 91 | Best fitness: 336635
2024-07-06 11:04:41.884 | DEBUG    | __main__:genetic_algorithm:54 - Generation 92 | Best fitness: 336635
2024-07-06 11:05:09.260 | DEBUG    | __main__:genetic_algorithm:54 - Generation 93 | Best fitness: 336635
2024-07-06 11:05:35.588 | DEBUG    | __main__:genetic_algorithm:54 - Generation 94 | Best fitness: 336635
2024-07-06 11:06:02.788 | DEBUG    | __main__:genetic_algorithm:54 - Generation 95 | Best fitness: 336635
2024-07-06 11:06:31.013 | DEBUG    | __main__:genetic_algorithm:54 - Generation 96 | Best fitness: 336635
2024-07-06 11:06:57.604 | DEBUG    | __main__:genetic_algorithm:54 - Generation 97 | Best fitness: 336635
2024-07-06 11:07:24.773 | DEBUG    | __main__:genetic_algorithm:54 - Generation 98 | Best fitness: 336635
2024-07-06 11:07:50.722 | DEBUG    | __main__:genetic_algorithm:54 - Generation 99 | Best fitness: 336635
2024-07-06 11:08:16.813 | DEBUG    | __main__:genetic_algorithm:54 - Generation 100 | Best fitness: 336635
2024-07-06 11:08:42.495 | DEBUG    | __main__:genetic_algorithm:83 - Best solution: [1, 1, 1, 1, 1, 0, 1, 1, 0, 1, 1, 0, 0, 1, 0, 0, 0, 0, 0, 1, 1, 1, 0, 1, 0, 1, 1, 1, 0, 1, 1, 1, 0, 1, 0, 1, 1, 0, 0, 1, 1, 1, 1, 1, 0, 1, 0, 1, 1, 0, 1, 0, 1, 1, 1, 1, 1, 1, 0, 0, 1, 1, 1, 1, 1, 1, 1, 1, 1, 1, 0, 1, 1, 1, 1, 0, 0, 1, 1, 1, 1, 0, 1, 0, 1, 1, 0, 1, 1, 1, 1, 0, 1, 1, 1, 1, 0, 1, 1, 1, 1, 1, 1, 1, 1, 1, 0, 1, 0, 1, 0, 0, 0, 1, 1, 1, 0, 1, 0, 1, 0, 1, 0, 1, 1, 0, 1, 1, 0, 1, 1, 1, 1, 0, 1, 0, 1, 1, 1, 1, 1, 1, 1, 1, 1, 1, 1, 1, 1, 0, 0, 1, 0, 1, 1, 0, 0, 1, 0, 1, 1, 1, 0, 1, 1, 1, 0, 1, 1, 0, 1, 1, 1, 1, 1, 0, 1, 1, 1, 0, 1, 1, 1, 0, 1, 1, 0, 1, 1, 1, 1, 1, 0, 0, 1, 0, 1, 1, 0, 1, 0, 1, 1, 1, 1, 1, 1, 1, 1, 1, 0, 1, 1, 0, 1, 1, 1, 0, 1, 1, 1, 1, 1, 1, 1, 1, 1, 1, 1, 1, 1, 1, 0, 1, 0, 1, 1, 0, 1, 1, 1, 1, 0, 0, 1, 0, 1, 1, 1, 1, 0, 1, 1, 1, 1, 1, 0, 0, 1, 1, 1, 0, 1, 1, 1, 1, 0, 1, 1, 1, 0, 0, 1, 0, 1, 0, 1, 1, 0, 0, 0, 1, 0, 1, 1, 1, 1, 0, 1, 0, 1, 1, 1, 1, 1, 0, 1, 1, 1, 1, 1, 1, 1, 1, 0, 1, 0, 0, 0, 1, 1, 1, 1, 0, 1, 1, 0, 1, 0, 1, 0, 1, 0, 1, 0, 1, 0, 1, 1, 1, 1, 1, 1, 1, 1, 0, 1, 0, 1, 0, 0, 1, 1, 1, 0, 1, 1, 1, 1, 1, 1, 0, 1, 0] | Fitness: 336635
2024-07-06 11:08:42.495 | DEBUG    | __main__:<module>:100 - Mutation rate: 0.001 | Best fitness: 336635
2024-07-06 11:08:42.495 | DEBUG    | __main__:genetic_algorithm:42 - --- GA started ---
2024-07-06 11:09:08.266 | DEBUG    | __main__:genetic_algorithm:54 - Generation 1 | Best fitness: 336662
2024-07-06 11:09:33.691 | DEBUG    | __main__:genetic_algorithm:54 - Generation 2 | Best fitness: 336665
2024-07-06 11:09:59.098 | DEBUG    | __main__:genetic_algorithm:54 - Generation 3 | Best fitness: 336664
2024-07-06 11:10:24.508 | DEBUG    | __main__:genetic_algorithm:54 - Generation 4 | Best fitness: 336666
2024-07-06 11:10:50.431 | DEBUG    | __main__:genetic_algorithm:54 - Generation 5 | Best fitness: 336668
2024-07-06 11:11:17.820 | DEBUG    | __main__:genetic_algorithm:54 - Generation 6 | Best fitness: 336667
2024-07-06 11:11:43.364 | DEBUG    | __main__:genetic_algorithm:54 - Generation 7 | Best fitness: 336663
2024-07-06 11:12:09.077 | DEBUG    | __main__:genetic_algorithm:54 - Generation 8 | Best fitness: 336664
2024-07-06 11:12:35.474 | DEBUG    | __main__:genetic_algorithm:54 - Generation 9 | Best fitness: 336661
2024-07-06 11:13:01.447 | DEBUG    | __main__:genetic_algorithm:54 - Generation 10 | Best fitness: 336666
2024-07-06 11:13:26.965 | DEBUG    | __main__:genetic_algorithm:54 - Generation 11 | Best fitness: 336664
2024-07-06 11:13:52.891 | DEBUG    | __main__:genetic_algorithm:54 - Generation 12 | Best fitness: 336662
2024-07-06 11:14:20.273 | DEBUG    | __main__:genetic_algorithm:54 - Generation 13 | Best fitness: 336664
2024-07-06 11:14:46.791 | DEBUG    | __main__:genetic_algorithm:54 - Generation 14 | Best fitness: 336661
2024-07-06 11:15:14.269 | DEBUG    | __main__:genetic_algorithm:54 - Generation 15 | Best fitness: 336662
2024-07-06 11:15:40.505 | DEBUG    | __main__:genetic_algorithm:54 - Generation 16 | Best fitness: 336663
2024-07-06 11:16:08.860 | DEBUG    | __main__:genetic_algorithm:54 - Generation 17 | Best fitness: 336661
2024-07-06 11:16:34.682 | DEBUG    | __main__:genetic_algorithm:54 - Generation 18 | Best fitness: 336660
2024-07-06 11:17:00.185 | DEBUG    | __main__:genetic_algorithm:54 - Generation 19 | Best fitness: 336658
2024-07-06 11:17:25.895 | DEBUG    | __main__:genetic_algorithm:54 - Generation 20 | Best fitness: 336662
2024-07-06 11:17:52.302 | DEBUG    | __main__:genetic_algorithm:54 - Generation 21 | Best fitness: 336661
2024-07-06 11:18:18.313 | DEBUG    | __main__:genetic_algorithm:54 - Generation 22 | Best fitness: 336662
2024-07-06 11:18:45.999 | DEBUG    | __main__:genetic_algorithm:54 - Generation 23 | Best fitness: 336659
2024-07-06 11:19:12.569 | DEBUG    | __main__:genetic_algorithm:54 - Generation 24 | Best fitness: 336660
2024-07-06 11:19:38.982 | DEBUG    | __main__:genetic_algorithm:54 - Generation 25 | Best fitness: 336658
2024-07-06 11:20:07.179 | DEBUG    | __main__:genetic_algorithm:54 - Generation 26 | Best fitness: 336659
2024-07-06 11:20:33.504 | DEBUG    | __main__:genetic_algorithm:54 - Generation 27 | Best fitness: 336657
2024-07-06 11:20:59.130 | DEBUG    | __main__:genetic_algorithm:54 - Generation 28 | Best fitness: 336654
2024-07-06 11:21:24.777 | DEBUG    | __main__:genetic_algorithm:54 - Generation 29 | Best fitness: 336659
2024-07-06 11:21:50.376 | DEBUG    | __main__:genetic_algorithm:54 - Generation 30 | Best fitness: 336660
2024-07-06 11:22:15.998 | DEBUG    | __main__:genetic_algorithm:54 - Generation 31 | Best fitness: 336656
2024-07-06 11:22:41.625 | DEBUG    | __main__:genetic_algorithm:54 - Generation 32 | Best fitness: 336657
2024-07-06 11:23:07.293 | DEBUG    | __main__:genetic_algorithm:54 - Generation 33 | Best fitness: 336659
2024-07-06 11:23:32.874 | DEBUG    | __main__:genetic_algorithm:54 - Generation 34 | Best fitness: 336655
2024-07-06 11:23:58.354 | DEBUG    | __main__:genetic_algorithm:54 - Generation 35 | Best fitness: 336659
2024-07-06 11:24:23.881 | DEBUG    | __main__:genetic_algorithm:54 - Generation 36 | Best fitness: 336654
2024-07-06 11:24:49.424 | DEBUG    | __main__:genetic_algorithm:54 - Generation 37 | Best fitness: 336657
2024-07-06 11:25:15.019 | DEBUG    | __main__:genetic_algorithm:54 - Generation 38 | Best fitness: 336656
2024-07-06 11:25:40.811 | DEBUG    | __main__:genetic_algorithm:54 - Generation 39 | Best fitness: 336654
2024-07-06 11:26:06.367 | DEBUG    | __main__:genetic_algorithm:54 - Generation 40 | Best fitness: 336656
2024-07-06 11:26:31.917 | DEBUG    | __main__:genetic_algorithm:54 - Generation 41 | Best fitness: 336651
2024-07-06 11:26:57.532 | DEBUG    | __main__:genetic_algorithm:54 - Generation 42 | Best fitness: 336654
2024-07-06 11:27:23.126 | DEBUG    | __main__:genetic_algorithm:54 - Generation 43 | Best fitness: 336651
2024-07-06 11:27:48.734 | DEBUG    | __main__:genetic_algorithm:54 - Generation 44 | Best fitness: 336651
2024-07-06 11:28:14.304 | DEBUG    | __main__:genetic_algorithm:54 - Generation 45 | Best fitness: 336652
2024-07-06 11:28:39.840 | DEBUG    | __main__:genetic_algorithm:54 - Generation 46 | Best fitness: 336651
2024-07-06 11:29:05.359 | DEBUG    | __main__:genetic_algorithm:54 - Generation 47 | Best fitness: 336655
2024-07-06 11:29:30.874 | DEBUG    | __main__:genetic_algorithm:54 - Generation 48 | Best fitness: 336651
2024-07-06 11:29:56.385 | DEBUG    | __main__:genetic_algorithm:54 - Generation 49 | Best fitness: 336652
2024-07-06 11:30:21.886 | DEBUG    | __main__:genetic_algorithm:54 - Generation 50 | Best fitness: 336650
2024-07-06 11:30:47.424 | DEBUG    | __main__:genetic_algorithm:54 - Generation 51 | Best fitness: 336654
2024-07-06 11:31:12.912 | DEBUG    | __main__:genetic_algorithm:54 - Generation 52 | Best fitness: 336654
2024-07-06 11:31:38.521 | DEBUG    | __main__:genetic_algorithm:54 - Generation 53 | Best fitness: 336654
2024-07-06 11:32:04.166 | DEBUG    | __main__:genetic_algorithm:54 - Generation 54 | Best fitness: 336654
2024-07-06 11:32:29.782 | DEBUG    | __main__:genetic_algorithm:54 - Generation 55 | Best fitness: 336652
2024-07-06 11:32:55.846 | DEBUG    | __main__:genetic_algorithm:54 - Generation 56 | Best fitness: 336654
2024-07-06 11:33:21.874 | DEBUG    | __main__:genetic_algorithm:54 - Generation 57 | Best fitness: 336652
2024-07-06 11:33:47.513 | DEBUG    | __main__:genetic_algorithm:54 - Generation 58 | Best fitness: 336648
2024-07-06 11:34:13.109 | DEBUG    | __main__:genetic_algorithm:54 - Generation 59 | Best fitness: 336654
2024-07-06 11:34:38.654 | DEBUG    | __main__:genetic_algorithm:54 - Generation 60 | Best fitness: 336653
2024-07-06 11:35:04.172 | DEBUG    | __main__:genetic_algorithm:54 - Generation 61 | Best fitness: 336653
2024-07-06 11:35:29.719 | DEBUG    | __main__:genetic_algorithm:54 - Generation 62 | Best fitness: 336654
2024-07-06 11:35:55.239 | DEBUG    | __main__:genetic_algorithm:54 - Generation 63 | Best fitness: 336653
2024-07-06 11:36:20.770 | DEBUG    | __main__:genetic_algorithm:54 - Generation 64 | Best fitness: 336654
2024-07-06 11:36:46.404 | DEBUG    | __main__:genetic_algorithm:54 - Generation 65 | Best fitness: 336651
