2024-07-08 00:51:50.680 | DEBUG    | __main__:genetic_algorithm:33 -  -------------
2024-07-08 00:51:50.681 | DEBUG    | __main__:genetic_algorithm:34 -  --- Start ---
2024-07-08 00:51:50.681 | DEBUG    | __main__:genetic_algorithm:35 -  -------------
2024-07-08 00:51:50.681 | DEBUG    | __main__:genetic_algorithm:37 - Parameters:
2024-07-08 00:51:50.681 | DEBUG    | __main__:genetic_algorithm:38 - pop_size: 100, generation_number: 200, parents_number: 50, mutation_rates: 0.001, tournament_size: 5, max_ones: 350
2024-07-08 00:52:08.696 | DEBUG    | __main__:genetic_algorithm:53 - Generation 1 | Best fitness: 236638
2024-07-08 00:52:26.640 | DEBUG    | __main__:genetic_algorithm:53 - Generation 2 | Best fitness: 236638
2024-07-08 00:52:44.986 | DEBUG    | __main__:genetic_algorithm:53 - Generation 3 | Best fitness: 236637
2024-07-08 00:53:03.334 | DEBUG    | __main__:genetic_algorithm:53 - Generation 4 | Best fitness: 236637
2024-07-08 00:53:23.344 | DEBUG    | __main__:genetic_algorithm:53 - Generation 5 | Best fitness: 236637
2024-07-08 00:53:42.807 | DEBUG    | __main__:genetic_algorithm:53 - Generation 6 | Best fitness: 236637
2024-07-08 00:54:02.153 | DEBUG    | __main__:genetic_algorithm:53 - Generation 7 | Best fitness: 236636
2024-07-08 00:54:24.218 | DEBUG    | __main__:genetic_algorithm:53 - Generation 8 | Best fitness: 236637
2024-07-08 00:54:43.126 | DEBUG    | __main__:genetic_algorithm:53 - Generation 9 | Best fitness: 236637
2024-07-08 00:55:02.223 | DEBUG    | __main__:genetic_algorithm:53 - Generation 10 | Best fitness: 236637
2024-07-08 00:55:22.414 | DEBUG    | __main__:genetic_algorithm:53 - Generation 11 | Best fitness: 236637
2024-07-08 00:55:41.165 | DEBUG    | __main__:genetic_algorithm:53 - Generation 12 | Best fitness: 236637
2024-07-08 00:55:59.607 | DEBUG    | __main__:genetic_algorithm:53 - Generation 13 | Best fitness: 236637
2024-07-08 00:56:18.090 | DEBUG    | __main__:genetic_algorithm:53 - Generation 14 | Best fitness: 236636
2024-07-08 00:56:36.511 | DEBUG    | __main__:genetic_algorithm:53 - Generation 15 | Best fitness: 236636
2024-07-08 00:56:54.845 | DEBUG    | __main__:genetic_algorithm:53 - Generation 16 | Best fitness: 236636
2024-07-08 00:57:13.309 | DEBUG    | __main__:genetic_algorithm:53 - Generation 17 | Best fitness: 236636
2024-07-08 00:57:31.661 | DEBUG    | __main__:genetic_algorithm:53 - Generation 18 | Best fitness: 236636
2024-07-08 00:57:49.920 | DEBUG    | __main__:genetic_algorithm:53 - Generation 19 | Best fitness: 236636
2024-07-08 00:58:08.140 | DEBUG    | __main__:genetic_algorithm:53 - Generation 20 | Best fitness: 236635
2024-07-08 00:58:26.401 | DEBUG    | __main__:genetic_algorithm:53 - Generation 21 | Best fitness: 236635
2024-07-08 00:58:44.703 | DEBUG    | __main__:genetic_algorithm:53 - Generation 22 | Best fitness: 236635
2024-07-08 00:59:03.093 | DEBUG    | __main__:genetic_algorithm:53 - Generation 23 | Best fitness: 236635
2024-07-08 00:59:21.388 | DEBUG    | __main__:genetic_algorithm:53 - Generation 24 | Best fitness: 236635
2024-07-08 00:59:39.730 | DEBUG    | __main__:genetic_algorithm:53 - Generation 25 | Best fitness: 236635
2024-07-08 00:59:58.093 | DEBUG    | __main__:genetic_algorithm:53 - Generation 26 | Best fitness: 236635
2024-07-08 01:00:16.314 | DEBUG    | __main__:genetic_algorithm:53 - Generation 27 | Best fitness: 236635
2024-07-08 01:00:34.890 | DEBUG    | __main__:genetic_algorithm:53 - Generation 28 | Best fitness: 236635
2024-07-08 01:00:53.267 | DEBUG    | __main__:genetic_algorithm:53 - Generation 29 | Best fitness: 236635
2024-07-08 01:01:11.413 | DEBUG    | __main__:genetic_algorithm:53 - Generation 30 | Best fitness: 236635
2024-07-08 01:01:29.569 | DEBUG    | __main__:genetic_algorithm:53 - Generation 31 | Best fitness: 236635
2024-07-08 01:01:47.663 | DEBUG    | __main__:genetic_algorithm:53 - Generation 32 | Best fitness: 236635
2024-07-08 01:02:05.802 | DEBUG    | __main__:genetic_algorithm:53 - Generation 33 | Best fitness: 236635
2024-07-08 01:02:23.937 | DEBUG    | __main__:genetic_algorithm:53 - Generation 34 | Best fitness: 236635
2024-07-08 01:02:42.049 | DEBUG    | __main__:genetic_algorithm:53 - Generation 35 | Best fitness: 236635
2024-07-08 01:03:00.222 | DEBUG    | __main__:genetic_algorithm:53 - Generation 36 | Best fitness: 236635
2024-07-08 01:03:18.332 | DEBUG    | __main__:genetic_algorithm:53 - Generation 37 | Best fitness: 236635
2024-07-08 01:03:36.446 | DEBUG    | __main__:genetic_algorithm:53 - Generation 38 | Best fitness: 236635
2024-07-08 01:03:54.571 | DEBUG    | __main__:genetic_algorithm:53 - Generation 39 | Best fitness: 236635
2024-07-08 01:04:12.751 | DEBUG    | __main__:genetic_algorithm:53 - Generation 40 | Best fitness: 236635
2024-07-08 01:04:31.019 | DEBUG    | __main__:genetic_algorithm:53 - Generation 41 | Best fitness: 236635
2024-07-08 01:04:49.268 | DEBUG    | __main__:genetic_algorithm:53 - Generation 42 | Best fitness: 236635
2024-07-08 01:05:07.483 | DEBUG    | __main__:genetic_algorithm:53 - Generation 43 | Best fitness: 236635
2024-07-08 01:05:25.654 | DEBUG    | __main__:genetic_algorithm:53 - Generation 44 | Best fitness: 236635
2024-07-08 01:05:43.784 | DEBUG    | __main__:genetic_algorithm:53 - Generation 45 | Best fitness: 236635
2024-07-08 01:06:01.998 | DEBUG    | __main__:genetic_algorithm:53 - Generation 46 | Best fitness: 236635
2024-07-08 01:06:20.195 | DEBUG    | __main__:genetic_algorithm:53 - Generation 47 | Best fitness: 236635
2024-07-08 01:06:38.254 | DEBUG    | __main__:genetic_algorithm:53 - Generation 48 | Best fitness: 236635
2024-07-08 01:06:56.323 | DEBUG    | __main__:genetic_algorithm:53 - Generation 49 | Best fitness: 236635
2024-07-08 01:07:14.391 | DEBUG    | __main__:genetic_algorithm:53 - Generation 50 | Best fitness: 236635
2024-07-08 01:07:32.420 | DEBUG    | __main__:genetic_algorithm:53 - Generation 51 | Best fitness: 236635
2024-07-08 01:07:50.465 | DEBUG    | __main__:genetic_algorithm:53 - Generation 52 | Best fitness: 236635
2024-07-08 01:08:08.474 | DEBUG    | __main__:genetic_algorithm:53 - Generation 53 | Best fitness: 236635
2024-07-08 01:08:26.510 | DEBUG    | __main__:genetic_algorithm:53 - Generation 54 | Best fitness: 236635
2024-07-08 01:08:44.553 | DEBUG    | __main__:genetic_algorithm:53 - Generation 55 | Best fitness: 236635
2024-07-08 01:09:02.583 | DEBUG    | __main__:genetic_algorithm:53 - Generation 56 | Best fitness: 236635
2024-07-08 01:09:20.646 | DEBUG    | __main__:genetic_algorithm:53 - Generation 57 | Best fitness: 236635
2024-07-08 01:09:38.728 | DEBUG    | __main__:genetic_algorithm:53 - Generation 58 | Best fitness: 236635
2024-07-08 01:09:56.838 | DEBUG    | __main__:genetic_algorithm:53 - Generation 59 | Best fitness: 236635
2024-07-08 01:10:14.934 | DEBUG    | __main__:genetic_algorithm:53 - Generation 60 | Best fitness: 236635
2024-07-08 01:10:32.993 | DEBUG    | __main__:genetic_algorithm:53 - Generation 61 | Best fitness: 236635
2024-07-08 01:10:51.154 | DEBUG    | __main__:genetic_algorithm:53 - Generation 62 | Best fitness: 236635
2024-07-08 01:11:09.294 | DEBUG    | __main__:genetic_algorithm:53 - Generation 63 | Best fitness: 236635
2024-07-08 01:11:27.424 | DEBUG    | __main__:genetic_algorithm:53 - Generation 64 | Best fitness: 236635
2024-07-08 01:11:45.629 | DEBUG    | __main__:genetic_algorithm:53 - Generation 65 | Best fitness: 236635
2024-07-08 01:12:03.722 | DEBUG    | __main__:genetic_algorithm:53 - Generation 66 | Best fitness: 236635
2024-07-08 01:12:21.790 | DEBUG    | __main__:genetic_algorithm:53 - Generation 67 | Best fitness: 236635
2024-07-08 01:12:39.868 | DEBUG    | __main__:genetic_algorithm:53 - Generation 68 | Best fitness: 236635
2024-07-08 01:12:58.006 | DEBUG    | __main__:genetic_algorithm:53 - Generation 69 | Best fitness: 236635
2024-07-08 01:13:16.177 | DEBUG    | __main__:genetic_algorithm:53 - Generation 70 | Best fitness: 236635
2024-07-08 01:13:34.286 | DEBUG    | __main__:genetic_algorithm:53 - Generation 71 | Best fitness: 236635
2024-07-08 01:13:52.297 | DEBUG    | __main__:genetic_algorithm:53 - Generation 72 | Best fitness: 236635
2024-07-08 01:14:10.352 | DEBUG    | __main__:genetic_algorithm:53 - Generation 73 | Best fitness: 236635
2024-07-08 01:14:28.378 | DEBUG    | __main__:genetic_algorithm:53 - Generation 74 | Best fitness: 236635
2024-07-08 01:14:46.476 | DEBUG    | __main__:genetic_algorithm:53 - Generation 75 | Best fitness: 236635
2024-07-08 01:15:04.538 | DEBUG    | __main__:genetic_algorithm:53 - Generation 76 | Best fitness: 236635
2024-07-08 01:15:22.599 | DEBUG    | __main__:genetic_algorithm:53 - Generation 77 | Best fitness: 236635
2024-07-08 01:15:40.655 | DEBUG    | __main__:genetic_algorithm:53 - Generation 78 | Best fitness: 236635
2024-07-08 01:15:58.823 | DEBUG    | __main__:genetic_algorithm:53 - Generation 79 | Best fitness: 236635
2024-07-08 01:16:16.855 | DEBUG    | __main__:genetic_algorithm:53 - Generation 80 | Best fitness: 236635
2024-07-08 01:16:34.903 | DEBUG    | __main__:genetic_algorithm:53 - Generation 81 | Best fitness: 236635
2024-07-08 01:16:52.974 | DEBUG    | __main__:genetic_algorithm:53 - Generation 82 | Best fitness: 236635
2024-07-08 01:17:11.016 | DEBUG    | __main__:genetic_algorithm:53 - Generation 83 | Best fitness: 236635
2024-07-08 01:17:29.062 | DEBUG    | __main__:genetic_algorithm:53 - Generation 84 | Best fitness: 236635
2024-07-08 01:17:47.192 | DEBUG    | __main__:genetic_algorithm:53 - Generation 85 | Best fitness: 236635
2024-07-08 01:18:05.313 | DEBUG    | __main__:genetic_algorithm:53 - Generation 86 | Best fitness: 236635
2024-07-08 01:18:23.334 | DEBUG    | __main__:genetic_algorithm:53 - Generation 87 | Best fitness: 236635
2024-07-08 01:18:41.333 | DEBUG    | __main__:genetic_algorithm:53 - Generation 88 | Best fitness: 236635
2024-07-08 01:18:59.318 | DEBUG    | __main__:genetic_algorithm:53 - Generation 89 | Best fitness: 236635
2024-07-08 01:19:17.297 | DEBUG    | __main__:genetic_algorithm:53 - Generation 90 | Best fitness: 236635
2024-07-08 01:19:35.298 | DEBUG    | __main__:genetic_algorithm:53 - Generation 91 | Best fitness: 236635
2024-07-08 01:19:53.374 | DEBUG    | __main__:genetic_algorithm:53 - Generation 92 | Best fitness: 236635
2024-07-08 01:20:11.385 | DEBUG    | __main__:genetic_algorithm:53 - Generation 93 | Best fitness: 236635
2024-07-08 01:20:29.473 | DEBUG    | __main__:genetic_algorithm:53 - Generation 94 | Best fitness: 236635
2024-07-08 01:20:47.566 | DEBUG    | __main__:genetic_algorithm:53 - Generation 95 | Best fitness: 236635
2024-07-08 01:21:05.762 | DEBUG    | __main__:genetic_algorithm:53 - Generation 96 | Best fitness: 236635
2024-07-08 01:21:23.873 | DEBUG    | __main__:genetic_algorithm:53 - Generation 97 | Best fitness: 236635
2024-07-08 01:21:42.000 | DEBUG    | __main__:genetic_algorithm:53 - Generation 98 | Best fitness: 236635
2024-07-08 01:22:00.138 | DEBUG    | __main__:genetic_algorithm:53 - Generation 99 | Best fitness: 236635
2024-07-08 01:22:18.244 | DEBUG    | __main__:genetic_algorithm:53 - Generation 100 | Best fitness: 236635
2024-07-08 01:22:36.407 | DEBUG    | __main__:genetic_algorithm:53 - Generation 101 | Best fitness: 236635
2024-07-08 01:22:54.517 | DEBUG    | __main__:genetic_algorithm:53 - Generation 102 | Best fitness: 236635
2024-07-08 01:23:12.602 | DEBUG    | __main__:genetic_algorithm:53 - Generation 103 | Best fitness: 236635
2024-07-08 01:23:30.694 | DEBUG    | __main__:genetic_algorithm:53 - Generation 104 | Best fitness: 236635
2024-07-08 01:23:48.822 | DEBUG    | __main__:genetic_algorithm:53 - Generation 105 | Best fitness: 236635
2024-07-08 01:24:06.874 | DEBUG    | __main__:genetic_algorithm:53 - Generation 106 | Best fitness: 236635
2024-07-08 01:24:25.074 | DEBUG    | __main__:genetic_algorithm:53 - Generation 107 | Best fitness: 236635
2024-07-08 01:24:43.183 | DEBUG    | __main__:genetic_algorithm:53 - Generation 108 | Best fitness: 236635
2024-07-08 01:25:01.204 | DEBUG    | __main__:genetic_algorithm:53 - Generation 109 | Best fitness: 236635
2024-07-08 01:25:19.212 | DEBUG    | __main__:genetic_algorithm:53 - Generation 110 | Best fitness: 236635
2024-07-08 01:25:37.304 | DEBUG    | __main__:genetic_algorithm:53 - Generation 111 | Best fitness: 236635
2024-07-08 01:25:55.442 | DEBUG    | __main__:genetic_algorithm:53 - Generation 112 | Best fitness: 236635
2024-07-08 01:26:13.480 | DEBUG    | __main__:genetic_algorithm:53 - Generation 113 | Best fitness: 236635
2024-07-08 01:26:31.579 | DEBUG    | __main__:genetic_algorithm:53 - Generation 114 | Best fitness: 236635
2024-07-08 01:26:49.639 | DEBUG    | __main__:genetic_algorithm:53 - Generation 115 | Best fitness: 236635
2024-07-08 01:27:07.769 | DEBUG    | __main__:genetic_algorithm:53 - Generation 116 | Best fitness: 236635
2024-07-08 01:27:25.855 | DEBUG    | __main__:genetic_algorithm:53 - Generation 117 | Best fitness: 236635
2024-07-08 01:27:43.887 | DEBUG    | __main__:genetic_algorithm:53 - Generation 118 | Best fitness: 236635
2024-07-08 01:28:01.986 | DEBUG    | __main__:genetic_algorithm:53 - Generation 119 | Best fitness: 236635
2024-07-08 01:28:20.057 | DEBUG    | __main__:genetic_algorithm:53 - Generation 120 | Best fitness: 236635
2024-07-08 01:28:38.111 | DEBUG    | __main__:genetic_algorithm:53 - Generation 121 | Best fitness: 236635
2024-07-08 01:28:56.123 | DEBUG    | __main__:genetic_algorithm:53 - Generation 122 | Best fitness: 236635
2024-07-08 01:29:14.156 | DEBUG    | __main__:genetic_algorithm:53 - Generation 123 | Best fitness: 236635
2024-07-08 01:29:32.445 | DEBUG    | __main__:genetic_algorithm:53 - Generation 124 | Best fitness: 236635
2024-07-08 01:29:50.555 | DEBUG    | __main__:genetic_algorithm:53 - Generation 125 | Best fitness: 236635
2024-07-08 01:30:08.674 | DEBUG    | __main__:genetic_algorithm:53 - Generation 126 | Best fitness: 236635
2024-07-08 01:30:26.848 | DEBUG    | __main__:genetic_algorithm:53 - Generation 127 | Best fitness: 236635
2024-07-08 01:30:44.991 | DEBUG    | __main__:genetic_algorithm:53 - Generation 128 | Best fitness: 236635
2024-07-08 01:31:03.107 | DEBUG    | __main__:genetic_algorithm:53 - Generation 129 | Best fitness: 236635
2024-07-08 01:31:21.180 | DEBUG    | __main__:genetic_algorithm:53 - Generation 130 | Best fitness: 236635
2024-07-08 01:31:39.304 | DEBUG    | __main__:genetic_algorithm:53 - Generation 131 | Best fitness: 236635
2024-07-08 01:31:57.381 | DEBUG    | __main__:genetic_algorithm:53 - Generation 132 | Best fitness: 236635
2024-07-08 01:32:15.438 | DEBUG    | __main__:genetic_algorithm:53 - Generation 133 | Best fitness: 236635
2024-07-08 01:32:33.622 | DEBUG    | __main__:genetic_algorithm:53 - Generation 134 | Best fitness: 236635
2024-07-08 01:32:51.796 | DEBUG    | __main__:genetic_algorithm:53 - Generation 135 | Best fitness: 236635
2024-07-08 01:33:09.967 | DEBUG    | __main__:genetic_algorithm:53 - Generation 136 | Best fitness: 236635
2024-07-08 01:33:28.103 | DEBUG    | __main__:genetic_algorithm:53 - Generation 137 | Best fitness: 236635
2024-07-08 01:33:46.229 | DEBUG    | __main__:genetic_algorithm:53 - Generation 138 | Best fitness: 236635
2024-07-08 01:34:04.379 | DEBUG    | __main__:genetic_algorithm:53 - Generation 139 | Best fitness: 236635
2024-07-08 01:34:22.502 | DEBUG    | __main__:genetic_algorithm:53 - Generation 140 | Best fitness: 236635
2024-07-08 01:34:40.503 | DEBUG    | __main__:genetic_algorithm:53 - Generation 141 | Best fitness: 236635
2024-07-08 01:34:58.477 | DEBUG    | __main__:genetic_algorithm:53 - Generation 142 | Best fitness: 236635
2024-07-08 01:35:16.486 | DEBUG    | __main__:genetic_algorithm:53 - Generation 143 | Best fitness: 236635
2024-07-08 01:35:34.610 | DEBUG    | __main__:genetic_algorithm:53 - Generation 144 | Best fitness: 236635
2024-07-08 01:35:52.842 | DEBUG    | __main__:genetic_algorithm:53 - Generation 145 | Best fitness: 236635
2024-07-08 01:36:10.967 | DEBUG    | __main__:genetic_algorithm:53 - Generation 146 | Best fitness: 236635
2024-07-08 01:36:29.167 | DEBUG    | __main__:genetic_algorithm:53 - Generation 147 | Best fitness: 236635
2024-07-08 01:36:47.240 | DEBUG    | __main__:genetic_algorithm:53 - Generation 148 | Best fitness: 236635
2024-07-08 01:37:05.461 | DEBUG    | __main__:genetic_algorithm:53 - Generation 149 | Best fitness: 236635
2024-07-08 01:37:23.627 | DEBUG    | __main__:genetic_algorithm:53 - Generation 150 | Best fitness: 236635
2024-07-08 01:37:41.772 | DEBUG    | __main__:genetic_algorithm:53 - Generation 151 | Best fitness: 236635
2024-07-08 01:37:59.843 | DEBUG    | __main__:genetic_algorithm:53 - Generation 152 | Best fitness: 236635
2024-07-08 01:38:17.904 | DEBUG    | __main__:genetic_algorithm:53 - Generation 153 | Best fitness: 236635
2024-07-08 01:38:36.036 | DEBUG    | __main__:genetic_algorithm:53 - Generation 154 | Best fitness: 236635
2024-07-08 01:38:54.150 | DEBUG    | __main__:genetic_algorithm:53 - Generation 155 | Best fitness: 236635
2024-07-08 01:39:12.244 | DEBUG    | __main__:genetic_algorithm:53 - Generation 156 | Best fitness: 236635
2024-07-08 01:39:30.375 | DEBUG    | __main__:genetic_algorithm:53 - Generation 157 | Best fitness: 236635
2024-07-08 01:39:48.484 | DEBUG    | __main__:genetic_algorithm:53 - Generation 158 | Best fitness: 236635
2024-07-08 01:40:06.580 | DEBUG    | __main__:genetic_algorithm:53 - Generation 159 | Best fitness: 236635
2024-07-08 01:40:24.682 | DEBUG    | __main__:genetic_algorithm:53 - Generation 160 | Best fitness: 236635
2024-07-08 01:40:42.801 | DEBUG    | __main__:genetic_algorithm:53 - Generation 161 | Best fitness: 236635
2024-07-08 01:41:00.992 | DEBUG    | __main__:genetic_algorithm:53 - Generation 162 | Best fitness: 236635
2024-07-08 01:41:19.070 | DEBUG    | __main__:genetic_algorithm:53 - Generation 163 | Best fitness: 236635
2024-07-08 01:41:37.115 | DEBUG    | __main__:genetic_algorithm:53 - Generation 164 | Best fitness: 236635
2024-07-08 01:41:55.194 | DEBUG    | __main__:genetic_algorithm:53 - Generation 165 | Best fitness: 236635
2024-07-08 01:42:13.306 | DEBUG    | __main__:genetic_algorithm:53 - Generation 166 | Best fitness: 236635
2024-07-08 01:42:31.396 | DEBUG    | __main__:genetic_algorithm:53 - Generation 167 | Best fitness: 236635
2024-07-08 01:42:49.513 | DEBUG    | __main__:genetic_algorithm:53 - Generation 168 | Best fitness: 236635
2024-07-08 01:43:07.567 | DEBUG    | __main__:genetic_algorithm:53 - Generation 169 | Best fitness: 236635
2024-07-08 01:43:25.584 | DEBUG    | __main__:genetic_algorithm:53 - Generation 170 | Best fitness: 236635
2024-07-08 01:43:43.547 | DEBUG    | __main__:genetic_algorithm:53 - Generation 171 | Best fitness: 236635
2024-07-08 01:44:01.544 | DEBUG    | __main__:genetic_algorithm:53 - Generation 172 | Best fitness: 236635
2024-07-08 01:44:19.598 | DEBUG    | __main__:genetic_algorithm:53 - Generation 173 | Best fitness: 236635
2024-07-08 01:44:37.596 | DEBUG    | __main__:genetic_algorithm:53 - Generation 174 | Best fitness: 236635
2024-07-08 01:44:55.663 | DEBUG    | __main__:genetic_algorithm:53 - Generation 175 | Best fitness: 236635
2024-07-08 01:45:13.791 | DEBUG    | __main__:genetic_algorithm:53 - Generation 176 | Best fitness: 236635
2024-07-08 01:45:31.902 | DEBUG    | __main__:genetic_algorithm:53 - Generation 177 | Best fitness: 236635
2024-07-08 01:45:50.064 | DEBUG    | __main__:genetic_algorithm:53 - Generation 178 | Best fitness: 236635
2024-07-08 01:46:08.211 | DEBUG    | __main__:genetic_algorithm:53 - Generation 179 | Best fitness: 236635
2024-07-08 01:46:26.335 | DEBUG    | __main__:genetic_algorithm:53 - Generation 180 | Best fitness: 236635
2024-07-08 01:46:44.462 | DEBUG    | __main__:genetic_algorithm:53 - Generation 181 | Best fitness: 236635
2024-07-08 01:47:02.505 | DEBUG    | __main__:genetic_algorithm:53 - Generation 182 | Best fitness: 236635
2024-07-08 01:47:20.593 | DEBUG    | __main__:genetic_algorithm:53 - Generation 183 | Best fitness: 236635
2024-07-08 01:47:38.723 | DEBUG    | __main__:genetic_algorithm:53 - Generation 184 | Best fitness: 236635
2024-07-08 01:47:56.834 | DEBUG    | __main__:genetic_algorithm:53 - Generation 185 | Best fitness: 236635
2024-07-08 01:48:14.952 | DEBUG    | __main__:genetic_algorithm:53 - Generation 186 | Best fitness: 236635
2024-07-08 01:48:33.082 | DEBUG    | __main__:genetic_algorithm:53 - Generation 187 | Best fitness: 236635
2024-07-08 01:48:51.150 | DEBUG    | __main__:genetic_algorithm:53 - Generation 188 | Best fitness: 236635
2024-07-08 01:49:09.201 | DEBUG    | __main__:genetic_algorithm:53 - Generation 189 | Best fitness: 236635
2024-07-08 01:49:27.319 | DEBUG    | __main__:genetic_algorithm:53 - Generation 190 | Best fitness: 236635
2024-07-08 01:49:45.415 | DEBUG    | __main__:genetic_algorithm:53 - Generation 191 | Best fitness: 236635
2024-07-08 01:50:03.539 | DEBUG    | __main__:genetic_algorithm:53 - Generation 192 | Best fitness: 236635
2024-07-08 01:50:21.679 | DEBUG    | __main__:genetic_algorithm:53 - Generation 193 | Best fitness: 236635
2024-07-08 01:50:39.774 | DEBUG    | __main__:genetic_algorithm:53 - Generation 194 | Best fitness: 236635
2024-07-08 01:50:57.906 | DEBUG    | __main__:genetic_algorithm:53 - Generation 195 | Best fitness: 236635
2024-07-08 01:51:16.057 | DEBUG    | __main__:genetic_algorithm:53 - Generation 196 | Best fitness: 236635
2024-07-08 01:51:34.262 | DEBUG    | __main__:genetic_algorithm:53 - Generation 197 | Best fitness: 236635
2024-07-08 01:51:52.423 | DEBUG    | __main__:genetic_algorithm:53 - Generation 198 | Best fitness: 236635
2024-07-08 01:52:10.574 | DEBUG    | __main__:genetic_algorithm:53 - Generation 199 | Best fitness: 236635
2024-07-08 01:52:28.736 | DEBUG    | __main__:genetic_algorithm:53 - Generation 200 | Best fitness: 236635
2024-07-08 01:52:46.928 | DEBUG    | __main__:genetic_algorithm:82 - Best solution: [1, 1, 1, 1, 1, 1, 1, 1, 1, 1, 1, 1, 1, 1, 1, 1, 1, 1, 1, 1, 1, 1, 1, 1, 1, 1, 1, 1, 1, 1, 1, 1, 1, 1, 1, 1, 1, 1, 1, 1, 1, 1, 1, 1, 1, 1, 1, 1, 1, 1, 1, 1, 1, 1, 1, 1, 1, 1, 1, 1, 1, 1, 1, 1, 1, 1, 1, 1, 1, 1, 1, 1, 1, 1, 1, 1, 1, 1, 1, 1, 1, 1, 1, 1, 1, 1, 1, 1, 1, 1, 1, 1, 1, 1, 1, 1, 1, 1, 1, 1, 1, 1, 1, 1, 1, 1, 1, 1, 1, 1, 1, 1, 1, 1, 1, 1, 1, 1, 1, 1, 0, 1, 1, 1, 1, 1, 0, 1, 1, 1, 1, 1, 1, 1, 1, 1, 1, 1, 1, 1, 1, 1, 1, 1, 1, 1, 1, 1, 1, 1, 1, 1, 1, 1, 1, 1, 1, 1, 1, 1, 1, 1, 1, 1, 1, 1, 1, 1, 1, 1, 1, 1, 1, 1, 1, 1, 1, 1, 0, 1, 1, 1, 1, 1, 1, 1, 1, 1, 1, 1, 1, 1, 1, 1, 1, 1, 1, 1, 1, 1, 0, 1, 1, 1, 1, 1, 1, 1, 1, 1, 1, 1, 1, 1, 1, 1, 1, 1, 1, 1, 1, 1, 1, 1, 1, 1, 1, 1, 1, 1, 1, 1, 1, 1, 1, 1, 1, 1, 1, 1, 1, 1, 1, 1, 1, 1, 1, 1, 1, 1, 1, 1, 1, 1, 1, 1, 1, 1, 1, 1, 1, 1, 1, 1, 1, 1, 1, 1, 1, 1, 1, 1, 1, 1, 1, 1, 1, 1, 1, 1, 1, 1, 1, 1, 1, 1, 1, 1, 1, 1, 1, 1, 1, 1, 1, 1, 1, 1, 1, 1, 1, 1, 1, 1, 1, 1, 1, 1, 1, 1, 1, 1, 1, 1, 1, 1, 1, 1, 1, 1, 1, 1, 1, 1, 1, 1, 1, 1, 1, 1, 1, 1, 1, 1, 1, 1, 1, 1, 1, 1, 1, 1, 1, 1, 1, 1, 1, 1, 1, 1, 1, 1, 1, 1] | Fitness: 236635
2024-07-08 01:52:46.928 | DEBUG    | __main__:genetic_algorithm:84 -  -------------
2024-07-08 01:52:46.928 | DEBUG    | __main__:genetic_algorithm:85 -  ---- End ----
2024-07-08 01:52:46.928 | DEBUG    | __main__:genetic_algorithm:86 -  -------------
2024-07-08 01:52:46.928 | DEBUG    | __main__:genetic_algorithm:33 -  -------------
2024-07-08 01:52:46.928 | DEBUG    | __main__:genetic_algorithm:34 -  --- Start ---
2024-07-08 01:52:46.928 | DEBUG    | __main__:genetic_algorithm:35 -  -------------
2024-07-08 01:52:46.928 | DEBUG    | __main__:genetic_algorithm:37 - Parameters:
2024-07-08 01:52:46.928 | DEBUG    | __main__:genetic_algorithm:38 - pop_size: 100, generation_number: 200, parents_number: 50, mutation_rates: 0.005, tournament_size: 5, max_ones: 350
2024-07-08 01:53:05.038 | DEBUG    | __main__:genetic_algorithm:53 - Generation 1 | Best fitness: 236638
2024-07-08 01:53:23.154 | DEBUG    | __main__:genetic_algorithm:53 - Generation 2 | Best fitness: 236638
2024-07-08 01:53:41.053 | DEBUG    | __main__:genetic_algorithm:53 - Generation 3 | Best fitness: 236638
2024-07-08 01:53:58.991 | DEBUG    | __main__:genetic_algorithm:53 - Generation 4 | Best fitness: 236638
2024-07-08 01:54:16.906 | DEBUG    | __main__:genetic_algorithm:53 - Generation 5 | Best fitness: 236638
2024-07-08 01:54:34.858 | DEBUG    | __main__:genetic_algorithm:53 - Generation 6 | Best fitness: 236638
2024-07-08 01:54:52.749 | DEBUG    | __main__:genetic_algorithm:53 - Generation 7 | Best fitness: 236638
2024-07-08 01:55:10.790 | DEBUG    | __main__:genetic_algorithm:53 - Generation 8 | Best fitness: 236639
2024-07-08 01:55:28.805 | DEBUG    | __main__:genetic_algorithm:53 - Generation 9 | Best fitness: 236639
2024-07-08 01:55:46.801 | DEBUG    | __main__:genetic_algorithm:53 - Generation 10 | Best fitness: 236638
2024-07-08 01:56:04.749 | DEBUG    | __main__:genetic_algorithm:53 - Generation 11 | Best fitness: 236639
2024-07-08 01:56:22.758 | DEBUG    | __main__:genetic_algorithm:53 - Generation 12 | Best fitness: 236638
2024-07-08 01:56:40.704 | DEBUG    | __main__:genetic_algorithm:53 - Generation 13 | Best fitness: 236638
2024-07-08 01:56:58.633 | DEBUG    | __main__:genetic_algorithm:53 - Generation 14 | Best fitness: 236639
2024-07-08 01:57:16.620 | DEBUG    | __main__:genetic_algorithm:53 - Generation 15 | Best fitness: 236638
2024-07-08 01:57:34.632 | DEBUG    | __main__:genetic_algorithm:53 - Generation 16 | Best fitness: 236637
2024-07-08 01:57:52.663 | DEBUG    | __main__:genetic_algorithm:53 - Generation 17 | Best fitness: 236638
2024-07-08 01:58:10.639 | DEBUG    | __main__:genetic_algorithm:53 - Generation 18 | Best fitness: 236637
2024-07-08 01:58:28.656 | DEBUG    | __main__:genetic_algorithm:53 - Generation 19 | Best fitness: 236638
2024-07-08 01:58:46.661 | DEBUG    | __main__:genetic_algorithm:53 - Generation 20 | Best fitness: 236638
2024-07-08 01:59:04.643 | DEBUG    | __main__:genetic_algorithm:53 - Generation 21 | Best fitness: 236638
2024-07-08 01:59:22.607 | DEBUG    | __main__:genetic_algorithm:53 - Generation 22 | Best fitness: 236638
2024-07-08 01:59:40.593 | DEBUG    | __main__:genetic_algorithm:53 - Generation 23 | Best fitness: 236639
2024-07-08 01:59:58.623 | DEBUG    | __main__:genetic_algorithm:53 - Generation 24 | Best fitness: 236638
2024-07-08 02:00:16.516 | DEBUG    | __main__:genetic_algorithm:53 - Generation 25 | Best fitness: 236639
2024-07-08 02:00:34.423 | DEBUG    | __main__:genetic_algorithm:53 - Generation 26 | Best fitness: 236639
2024-07-08 02:00:52.400 | DEBUG    | __main__:genetic_algorithm:53 - Generation 27 | Best fitness: 236638
2024-07-08 02:01:10.328 | DEBUG    | __main__:genetic_algorithm:53 - Generation 28 | Best fitness: 236638
2024-07-08 02:01:28.366 | DEBUG    | __main__:genetic_algorithm:53 - Generation 29 | Best fitness: 236638
2024-07-08 02:01:46.420 | DEBUG    | __main__:genetic_algorithm:53 - Generation 30 | Best fitness: 236638
2024-07-08 02:02:04.367 | DEBUG    | __main__:genetic_algorithm:53 - Generation 31 | Best fitness: 236639
2024-07-08 02:02:22.358 | DEBUG    | __main__:genetic_algorithm:53 - Generation 32 | Best fitness: 236639
2024-07-08 02:02:40.338 | DEBUG    | __main__:genetic_algorithm:53 - Generation 33 | Best fitness: 236639
2024-07-08 02:02:58.250 | DEBUG    | __main__:genetic_algorithm:53 - Generation 34 | Best fitness: 236639
2024-07-08 02:03:16.179 | DEBUG    | __main__:genetic_algorithm:53 - Generation 35 | Best fitness: 236639
2024-07-08 02:03:34.142 | DEBUG    | __main__:genetic_algorithm:53 - Generation 36 | Best fitness: 236639
2024-07-08 02:03:52.132 | DEBUG    | __main__:genetic_algorithm:53 - Generation 37 | Best fitness: 236639
2024-07-08 02:04:10.126 | DEBUG    | __main__:genetic_algorithm:53 - Generation 38 | Best fitness: 236638
2024-07-08 02:04:28.111 | DEBUG    | __main__:genetic_algorithm:53 - Generation 39 | Best fitness: 236639
2024-07-08 02:04:46.040 | DEBUG    | __main__:genetic_algorithm:53 - Generation 40 | Best fitness: 236639
2024-07-08 02:05:03.936 | DEBUG    | __main__:genetic_algorithm:53 - Generation 41 | Best fitness: 236638
2024-07-08 02:05:21.897 | DEBUG    | __main__:genetic_algorithm:53 - Generation 42 | Best fitness: 236638
2024-07-08 02:05:39.855 | DEBUG    | __main__:genetic_algorithm:53 - Generation 43 | Best fitness: 236638
2024-07-08 02:05:57.819 | DEBUG    | __main__:genetic_algorithm:53 - Generation 44 | Best fitness: 236639
2024-07-08 02:06:15.682 | DEBUG    | __main__:genetic_algorithm:53 - Generation 45 | Best fitness: 236638
2024-07-08 02:06:33.595 | DEBUG    | __main__:genetic_algorithm:53 - Generation 46 | Best fitness: 236638
2024-07-08 02:06:51.520 | DEBUG    | __main__:genetic_algorithm:53 - Generation 47 | Best fitness: 236639
2024-07-08 02:07:09.519 | DEBUG    | __main__:genetic_algorithm:53 - Generation 48 | Best fitness: 236639
2024-07-08 02:07:27.434 | DEBUG    | __main__:genetic_algorithm:53 - Generation 49 | Best fitness: 236638
2024-07-08 02:07:45.322 | DEBUG    | __main__:genetic_algorithm:53 - Generation 50 | Best fitness: 236638
2024-07-08 02:08:03.256 | DEBUG    | __main__:genetic_algorithm:53 - Generation 51 | Best fitness: 236638
2024-07-08 02:08:21.244 | DEBUG    | __main__:genetic_algorithm:53 - Generation 52 | Best fitness: 236639
2024-07-08 02:08:39.187 | DEBUG    | __main__:genetic_algorithm:53 - Generation 53 | Best fitness: 236638
2024-07-08 02:08:57.083 | DEBUG    | __main__:genetic_algorithm:53 - Generation 54 | Best fitness: 236639
2024-07-08 02:09:14.976 | DEBUG    | __main__:genetic_algorithm:53 - Generation 55 | Best fitness: 236639
2024-07-08 02:09:32.907 | DEBUG    | __main__:genetic_algorithm:53 - Generation 56 | Best fitness: 236639
2024-07-08 02:09:50.886 | DEBUG    | __main__:genetic_algorithm:53 - Generation 57 | Best fitness: 236639
2024-07-08 02:10:08.835 | DEBUG    | __main__:genetic_algorithm:53 - Generation 58 | Best fitness: 236639
2024-07-08 02:10:26.779 | DEBUG    | __main__:genetic_algorithm:53 - Generation 59 | Best fitness: 236638
2024-07-08 02:10:44.814 | DEBUG    | __main__:genetic_algorithm:53 - Generation 60 | Best fitness: 236639
2024-07-08 02:11:02.839 | DEBUG    | __main__:genetic_algorithm:53 - Generation 61 | Best fitness: 236639
2024-07-08 02:11:20.869 | DEBUG    | __main__:genetic_algorithm:53 - Generation 62 | Best fitness: 236640
2024-07-08 02:11:38.833 | DEBUG    | __main__:genetic_algorithm:53 - Generation 63 | Best fitness: 236639
2024-07-08 02:11:56.831 | DEBUG    | __main__:genetic_algorithm:53 - Generation 64 | Best fitness: 236640
2024-07-08 02:12:14.761 | DEBUG    | __main__:genetic_algorithm:53 - Generation 65 | Best fitness: 236639
2024-07-08 02:12:32.726 | DEBUG    | __main__:genetic_algorithm:53 - Generation 66 | Best fitness: 236639
2024-07-08 02:12:50.702 | DEBUG    | __main__:genetic_algorithm:53 - Generation 67 | Best fitness: 236639
2024-07-08 02:13:08.771 | DEBUG    | __main__:genetic_algorithm:53 - Generation 68 | Best fitness: 236638
2024-07-08 02:13:26.850 | DEBUG    | __main__:genetic_algorithm:53 - Generation 69 | Best fitness: 236638
2024-07-08 02:13:44.933 | DEBUG    | __main__:genetic_algorithm:53 - Generation 70 | Best fitness: 236639
2024-07-08 02:14:02.966 | DEBUG    | __main__:genetic_algorithm:53 - Generation 71 | Best fitness: 236639
2024-07-08 02:14:21.006 | DEBUG    | __main__:genetic_algorithm:53 - Generation 72 | Best fitness: 236639
2024-07-08 02:14:39.057 | DEBUG    | __main__:genetic_algorithm:53 - Generation 73 | Best fitness: 236638
2024-07-08 02:14:57.112 | DEBUG    | __main__:genetic_algorithm:53 - Generation 74 | Best fitness: 236639
2024-07-08 02:15:15.172 | DEBUG    | __main__:genetic_algorithm:53 - Generation 75 | Best fitness: 236638
2024-07-08 02:15:33.249 | DEBUG    | __main__:genetic_algorithm:53 - Generation 76 | Best fitness: 236638
2024-07-08 02:15:51.415 | DEBUG    | __main__:genetic_algorithm:53 - Generation 77 | Best fitness: 236638
2024-07-08 02:16:09.502 | DEBUG    | __main__:genetic_algorithm:53 - Generation 78 | Best fitness: 236638
2024-07-08 02:16:27.601 | DEBUG    | __main__:genetic_algorithm:53 - Generation 79 | Best fitness: 236638
2024-07-08 02:16:45.639 | DEBUG    | __main__:genetic_algorithm:53 - Generation 80 | Best fitness: 236639
2024-07-08 02:17:03.680 | DEBUG    | __main__:genetic_algorithm:53 - Generation 81 | Best fitness: 236639
2024-07-08 02:17:21.732 | DEBUG    | __main__:genetic_algorithm:53 - Generation 82 | Best fitness: 236638
2024-07-08 02:17:39.801 | DEBUG    | __main__:genetic_algorithm:53 - Generation 83 | Best fitness: 236638
2024-07-08 02:17:57.842 | DEBUG    | __main__:genetic_algorithm:53 - Generation 84 | Best fitness: 236638
2024-07-08 02:18:15.867 | DEBUG    | __main__:genetic_algorithm:53 - Generation 85 | Best fitness: 236638
2024-07-08 02:18:33.936 | DEBUG    | __main__:genetic_algorithm:53 - Generation 86 | Best fitness: 236639
2024-07-08 02:18:52.009 | DEBUG    | __main__:genetic_algorithm:53 - Generation 87 | Best fitness: 236639
2024-07-08 02:19:10.035 | DEBUG    | __main__:genetic_algorithm:53 - Generation 88 | Best fitness: 236639
2024-07-08 02:19:28.132 | DEBUG    | __main__:genetic_algorithm:53 - Generation 89 | Best fitness: 236639
2024-07-08 02:19:46.171 | DEBUG    | __main__:genetic_algorithm:53 - Generation 90 | Best fitness: 236638
2024-07-08 02:20:04.240 | DEBUG    | __main__:genetic_algorithm:53 - Generation 91 | Best fitness: 236639
2024-07-08 02:20:22.239 | DEBUG    | __main__:genetic_algorithm:53 - Generation 92 | Best fitness: 236638
2024-07-08 02:20:40.258 | DEBUG    | __main__:genetic_algorithm:53 - Generation 93 | Best fitness: 236639
2024-07-08 02:20:58.691 | DEBUG    | __main__:genetic_algorithm:53 - Generation 94 | Best fitness: 236638
2024-07-08 02:21:18.128 | DEBUG    | __main__:genetic_algorithm:53 - Generation 95 | Best fitness: 236639
2024-07-08 02:21:37.712 | DEBUG    | __main__:genetic_algorithm:53 - Generation 96 | Best fitness: 236639
